InnoDB: using atomic writes.
2020-10-04 19:59:02 0 [Note] InnoDB: Mutexes and rw_locks use Windows interlocked functions
2020-10-04 19:59:02 0 [Note] InnoDB: Uses event mutexes
2020-10-04 19:59:02 0 [Note] InnoDB: Compressed tables use zlib 1.2.11
2020-10-04 19:59:02 0 [Note] InnoDB: Number of pools: 1
2020-10-04 19:59:02 0 [Note] InnoDB: Using SSE2 crc32 instructions
2020-10-04 19:59:02 0 [Note] InnoDB: Initializing buffer pool, total size = 16M, instances = 1, chunk size = 16M
2020-10-04 19:59:02 0 [Note] InnoDB: Completed initialization of buffer pool
2020-10-04 19:59:02 0 [Note] InnoDB: Starting crash recovery from checkpoint LSN=300288
2020-10-04 19:59:04 0 [Note] InnoDB: 128 out of 128 rollback segments are active.
2020-10-04 19:59:04 0 [Note] InnoDB: Removed temporary tablespace data file: "ibtmp1"
2020-10-04 19:59:04 0 [Note] InnoDB: Creating shared tablespace for temporary tables
2020-10-04 19:59:04 0 [Note] InnoDB: Setting file 'D:\xampp\mysql\data\ibtmp1' size to 12 MB. Physically writing the file full; Please wait ...
2020-10-04 19:59:04 0 [Note] InnoDB: File 'D:\xampp\mysql\data\ibtmp1' size is now 12 MB.
2020-10-04 19:59:04 0 [Note] InnoDB: Waiting for purge to start
2020-10-04 19:59:04 0 [Note] InnoDB: 10.4.14 started; log sequence number 300297; transaction id 171
2020-10-04 19:59:04 0 [Note] InnoDB: Loading buffer pool(s) from D:\xampp\mysql\data\ib_buffer_pool
2020-10-04 19:59:04 0 [Note] Plugin 'FEEDBACK' is disabled.
2020-10-04 19:59:04 0 [Note] Server socket created on IP: '::'.
InnoDB: using atomic writes.
2020-10-05  9:14:14 0 [Note] InnoDB: Mutexes and rw_locks use Windows interlocked functions
2020-10-05  9:14:14 0 [Note] InnoDB: Uses event mutexes
2020-10-05  9:14:14 0 [Note] InnoDB: Compressed tables use zlib 1.2.11
2020-10-05  9:14:14 0 [Note] InnoDB: Number of pools: 1
2020-10-05  9:14:14 0 [Note] InnoDB: Using SSE2 crc32 instructions
2020-10-05  9:14:14 0 [Note] InnoDB: Initializing buffer pool, total size = 16M, instances = 1, chunk size = 16M
2020-10-05  9:14:14 0 [Note] InnoDB: Completed initialization of buffer pool
2020-10-05  9:14:14 0 [Note] InnoDB: Starting crash recovery from checkpoint LSN=300993
2020-10-05  9:14:15 0 [Note] InnoDB: 128 out of 128 rollback segments are active.
2020-10-05  9:14:15 0 [Note] InnoDB: Removed temporary tablespace data file: "ibtmp1"
2020-10-05  9:14:15 0 [Note] InnoDB: Creating shared tablespace for temporary tables
2020-10-05  9:14:15 0 [Note] InnoDB: Setting file 'D:\xampp\mysql\data\ibtmp1' size to 12 MB. Physically writing the file full; Please wait ...
2020-10-05  9:14:15 0 [Note] InnoDB: File 'D:\xampp\mysql\data\ibtmp1' size is now 12 MB.
2020-10-05  9:14:15 0 [Note] InnoDB: Waiting for purge to start
2020-10-05  9:14:15 0 [Note] InnoDB: 10.4.14 started; log sequence number 301002; transaction id 197
2020-10-05  9:14:15 0 [Note] InnoDB: Loading buffer pool(s) from D:\xampp\mysql\data\ib_buffer_pool
2020-10-05  9:14:15 0 [Note] Plugin 'FEEDBACK' is disabled.
2020-10-05  9:14:15 0 [Note] Server socket created on IP: '::'.
InnoDB: using atomic writes.
2020-10-05 14:31:04 0 [Note] InnoDB: Mutexes and rw_locks use Windows interlocked functions
2020-10-05 14:31:04 0 [Note] InnoDB: Uses event mutexes
2020-10-05 14:31:04 0 [Note] InnoDB: Compressed tables use zlib 1.2.11
2020-10-05 14:31:04 0 [Note] InnoDB: Number of pools: 1
2020-10-05 14:31:04 0 [Note] InnoDB: Using SSE2 crc32 instructions
2020-10-05 14:31:04 0 [Note] InnoDB: Initializing buffer pool, total size = 16M, instances = 1, chunk size = 16M
2020-10-05 14:31:04 0 [Note] InnoDB: Completed initialization of buffer pool
2020-10-05 14:31:05 0 [Note] InnoDB: Starting crash recovery from checkpoint LSN=352668
2020-10-05 14:31:07 0 [Note] InnoDB: 128 out of 128 rollback segments are active.
2020-10-05 14:31:07 0 [Note] InnoDB: Removed temporary tablespace data file: "ibtmp1"
2020-10-05 14:31:07 0 [Note] InnoDB: Creating shared tablespace for temporary tables
2020-10-05 14:31:07 0 [Note] InnoDB: Setting file 'D:\xampp\mysql\data\ibtmp1' size to 12 MB. Physically writing the file full; Please wait ...
2020-10-05 14:31:07 0 [Note] InnoDB: File 'D:\xampp\mysql\data\ibtmp1' size is now 12 MB.
2020-10-05 14:31:07 0 [Note] InnoDB: Waiting for purge to start
2020-10-05 14:31:07 0 [Note] InnoDB: 10.4.14 started; log sequence number 352677; transaction id 381
2020-10-05 14:31:07 0 [Note] InnoDB: Loading buffer pool(s) from D:\xampp\mysql\data\ib_buffer_pool
2020-10-05 14:31:07 0 [Note] Plugin 'FEEDBACK' is disabled.
2020-10-05 14:31:07 0 [Note] Server socket created on IP: '::'.
InnoDB: using atomic writes.
2020-10-05 14:38:59 0 [Note] InnoDB: Mutexes and rw_locks use Windows interlocked functions
2020-10-05 14:38:59 0 [Note] InnoDB: Uses event mutexes
2020-10-05 14:38:59 0 [Note] InnoDB: Compressed tables use zlib 1.2.11
2020-10-05 14:38:59 0 [Note] InnoDB: Number of pools: 1
2020-10-05 14:38:59 0 [Note] InnoDB: Using SSE2 crc32 instructions
2020-10-05 14:38:59 0 [Note] InnoDB: Initializing buffer pool, total size = 16M, instances = 1, chunk size = 16M
2020-10-05 14:38:59 0 [Note] InnoDB: Completed initialization of buffer pool
2020-10-05 14:38:59 0 [Note] InnoDB: Starting crash recovery from checkpoint LSN=354246
2020-10-05 14:39:02 0 [Note] InnoDB: 128 out of 128 rollback segments are active.
2020-10-05 14:39:02 0 [Note] InnoDB: Removed temporary tablespace data file: "ibtmp1"
2020-10-05 14:39:02 0 [Note] InnoDB: Creating shared tablespace for temporary tables
2020-10-05 14:39:02 0 [Note] InnoDB: Setting file 'D:\xampp\mysql\data\ibtmp1' size to 12 MB. Physically writing the file full; Please wait ...
2020-10-05 14:39:02 0 [Note] InnoDB: File 'D:\xampp\mysql\data\ibtmp1' size is now 12 MB.
2020-10-05 14:39:02 0 [Note] InnoDB: Waiting for purge to start
2020-10-05 14:39:02 0 [Note] InnoDB: 10.4.14 started; log sequence number 354255; transaction id 400
2020-10-05 14:39:02 0 [Note] InnoDB: Loading buffer pool(s) from D:\xampp\mysql\data\ib_buffer_pool
2020-10-05 14:39:02 0 [Note] Plugin 'FEEDBACK' is disabled.
2020-10-05 14:39:02 0 [Note] Server socket created on IP: '::'.
InnoDB: using atomic writes.
2020-10-05 18:52:47 0 [Note] InnoDB: Mutexes and rw_locks use Windows interlocked functions
2020-10-05 18:52:47 0 [Note] InnoDB: Uses event mutexes
2020-10-05 18:52:47 0 [Note] InnoDB: Compressed tables use zlib 1.2.11
2020-10-05 18:52:47 0 [Note] InnoDB: Number of pools: 1
2020-10-05 18:52:47 0 [Note] InnoDB: Using SSE2 crc32 instructions
2020-10-05 18:52:47 0 [Note] InnoDB: Initializing buffer pool, total size = 16M, instances = 1, chunk size = 16M
2020-10-05 18:52:47 0 [Note] InnoDB: Completed initialization of buffer pool
2020-10-05 18:52:47 0 [Note] InnoDB: Starting crash recovery from checkpoint LSN=392209
2020-10-05 18:52:51 0 [Note] InnoDB: 128 out of 128 rollback segments are active.
2020-10-05 18:52:51 0 [Note] InnoDB: Removed temporary tablespace data file: "ibtmp1"
2020-10-05 18:52:51 0 [Note] InnoDB: Creating shared tablespace for temporary tables
2020-10-05 18:52:51 0 [Note] InnoDB: Setting file 'D:\xampp\mysql\data\ibtmp1' size to 12 MB. Physically writing the file full; Please wait ...
2020-10-05 18:52:51 0 [Note] InnoDB: File 'D:\xampp\mysql\data\ibtmp1' size is now 12 MB.
2020-10-05 18:52:51 0 [Note] InnoDB: Waiting for purge to start
2020-10-05 18:52:51 0 [Note] InnoDB: Waiting for purge to start
2020-10-05 18:52:51 0 [Note] InnoDB: Waiting for purge to start
2020-10-05 18:52:51 0 [Note] InnoDB: Waiting for purge to start
2020-10-05 18:52:51 0 [Note] InnoDB: 10.4.14 started; log sequence number 392218; transaction id 797
2020-10-05 18:52:51 0 [Note] InnoDB: Loading buffer pool(s) from D:\xampp\mysql\data\ib_buffer_pool
2020-10-05 18:52:51 0 [Note] Plugin 'FEEDBACK' is disabled.
2020-10-05 18:52:51 0 [Note] InnoDB: Buffer pool(s) load completed at 201005 18:52:51
2020-10-05 18:52:52 0 [Note] Server socket created on IP: '::'.
InnoDB: using atomic writes.
2020-10-05 22:03:22 0 [Note] InnoDB: Mutexes and rw_locks use Windows interlocked functions
2020-10-05 22:03:22 0 [Note] InnoDB: Uses event mutexes
2020-10-05 22:03:22 0 [Note] InnoDB: Compressed tables use zlib 1.2.11
2020-10-05 22:03:22 0 [Note] InnoDB: Number of pools: 1
2020-10-05 22:03:22 0 [Note] InnoDB: Using SSE2 crc32 instructions
2020-10-05 22:03:22 0 [Note] InnoDB: Initializing buffer pool, total size = 16M, instances = 1, chunk size = 16M
2020-10-05 22:03:22 0 [Note] InnoDB: Completed initialization of buffer pool
2020-10-05 22:03:22 0 [Note] InnoDB: Starting crash recovery from checkpoint LSN=392227
2020-10-05 22:03:24 0 [Note] InnoDB: 128 out of 128 rollback segments are active.
2020-10-05 22:03:24 0 [Note] InnoDB: Removed temporary tablespace data file: "ibtmp1"
2020-10-05 22:03:24 0 [Note] InnoDB: Creating shared tablespace for temporary tables
2020-10-05 22:03:24 0 [Note] InnoDB: Setting file 'D:\xampp\mysql\data\ibtmp1' size to 12 MB. Physically writing the file full; Please wait ...
2020-10-05 22:03:24 0 [Note] InnoDB: File 'D:\xampp\mysql\data\ibtmp1' size is now 12 MB.
2020-10-05 22:03:24 0 [Note] InnoDB: Waiting for purge to start
2020-10-05 22:03:24 0 [Note] InnoDB: Waiting for purge to start
2020-10-05 22:03:24 0 [Note] InnoDB: 10.4.14 started; log sequence number 392236; transaction id 797
2020-10-05 22:03:24 0 [Note] InnoDB: Loading buffer pool(s) from D:\xampp\mysql\data\ib_buffer_pool
2020-10-05 22:03:25 0 [Note] Plugin 'FEEDBACK' is disabled.
2020-10-05 22:03:25 0 [Note] InnoDB: Buffer pool(s) load completed at 201005 22:03:25
2020-10-05 22:03:25 0 [Note] Server socket created on IP: '::'.
InnoDB: using atomic writes.
2020-10-05 22:39:44 0 [Note] InnoDB: Mutexes and rw_locks use Windows interlocked functions
2020-10-05 22:39:44 0 [Note] InnoDB: Uses event mutexes
2020-10-05 22:39:44 0 [Note] InnoDB: Compressed tables use zlib 1.2.11
2020-10-05 22:39:44 0 [Note] InnoDB: Number of pools: 1
2020-10-05 22:39:44 0 [Note] InnoDB: Using SSE2 crc32 instructions
2020-10-05 22:39:44 0 [Note] InnoDB: Initializing buffer pool, total size = 16M, instances = 1, chunk size = 16M
2020-10-05 22:39:44 0 [Note] InnoDB: Completed initialization of buffer pool
2020-10-05 22:39:45 0 [Note] InnoDB: Starting crash recovery from checkpoint LSN=392546
2020-10-05 22:39:47 0 [Note] InnoDB: 128 out of 128 rollback segments are active.
2020-10-05 22:39:47 0 [Note] InnoDB: Removed temporary tablespace data file: "ibtmp1"
2020-10-05 22:39:47 0 [Note] InnoDB: Creating shared tablespace for temporary tables
2020-10-05 22:39:47 0 [Note] InnoDB: Setting file 'D:\xampp\mysql\data\ibtmp1' size to 12 MB. Physically writing the file full; Please wait ...
2020-10-05 22:39:47 0 [Note] InnoDB: File 'D:\xampp\mysql\data\ibtmp1' size is now 12 MB.
2020-10-05 22:39:47 0 [Note] InnoDB: Waiting for purge to start
2020-10-05 22:39:47 0 [Note] InnoDB: 10.4.14 started; log sequence number 392555; transaction id 821
2020-10-05 22:39:47 0 [Note] InnoDB: Loading buffer pool(s) from D:\xampp\mysql\data\ib_buffer_pool
2020-10-05 22:39:47 0 [Note] Plugin 'FEEDBACK' is disabled.
2020-10-05 22:39:47 0 [Note] Server socket created on IP: '::'.
InnoDB: using atomic writes.
2020-10-06 10:34:32 0 [Note] InnoDB: Mutexes and rw_locks use Windows interlocked functions
2020-10-06 10:34:32 0 [Note] InnoDB: Uses event mutexes
2020-10-06 10:34:32 0 [Note] InnoDB: Compressed tables use zlib 1.2.11
2020-10-06 10:34:32 0 [Note] InnoDB: Number of pools: 1
2020-10-06 10:34:32 0 [Note] InnoDB: Using SSE2 crc32 instructions
2020-10-06 10:34:32 0 [Note] InnoDB: Initializing buffer pool, total size = 16M, instances = 1, chunk size = 16M
2020-10-06 10:34:32 0 [Note] InnoDB: Completed initialization of buffer pool
2020-10-06 10:34:33 0 [Note] InnoDB: Starting crash recovery from checkpoint LSN=392564
2020-10-06 10:34:34 0 [Note] InnoDB: 128 out of 128 rollback segments are active.
2020-10-06 10:34:34 0 [Note] InnoDB: Removed temporary tablespace data file: "ibtmp1"
2020-10-06 10:34:34 0 [Note] InnoDB: Creating shared tablespace for temporary tables
2020-10-06 10:34:34 0 [Note] InnoDB: Setting file 'D:\xampp\mysql\data\ibtmp1' size to 12 MB. Physically writing the file full; Please wait ...
2020-10-06 10:34:34 0 [Note] InnoDB: File 'D:\xampp\mysql\data\ibtmp1' size is now 12 MB.
2020-10-06 10:34:34 0 [Note] InnoDB: Waiting for purge to start
2020-10-06 10:34:34 0 [Note] InnoDB: 10.4.14 started; log sequence number 392573; transaction id 821
2020-10-06 10:34:34 0 [Note] InnoDB: Loading buffer pool(s) from D:\xampp\mysql\data\ib_buffer_pool
2020-10-06 10:34:34 0 [Note] Plugin 'FEEDBACK' is disabled.
2020-10-06 10:34:35 0 [Note] InnoDB: Buffer pool(s) load completed at 201006 10:34:35
2020-10-06 10:34:35 0 [Note] Server socket created on IP: '::'.
InnoDB: using atomic writes.
2020-10-06 11:59:33 0 [Note] InnoDB: Mutexes and rw_locks use Windows interlocked functions
2020-10-06 11:59:33 0 [Note] InnoDB: Uses event mutexes
2020-10-06 11:59:33 0 [Note] InnoDB: Compressed tables use zlib 1.2.11
2020-10-06 11:59:33 0 [Note] InnoDB: Number of pools: 1
2020-10-06 11:59:33 0 [Note] InnoDB: Using SSE2 crc32 instructions
2020-10-06 11:59:33 0 [Note] InnoDB: Initializing buffer pool, total size = 16M, instances = 1, chunk size = 16M
2020-10-06 11:59:33 0 [Note] InnoDB: Completed initialization of buffer pool
2020-10-06 11:59:33 0 [Note] InnoDB: Starting crash recovery from checkpoint LSN=476047
2020-10-06 11:59:35 0 [Note] InnoDB: 128 out of 128 rollback segments are active.
2020-10-06 11:59:35 0 [Note] InnoDB: Removed temporary tablespace data file: "ibtmp1"
2020-10-06 11:59:35 0 [Note] InnoDB: Creating shared tablespace for temporary tables
2020-10-06 11:59:35 0 [Note] InnoDB: Setting file 'D:\xampp\mysql\data\ibtmp1' size to 12 MB. Physically writing the file full; Please wait ...
2020-10-06 11:59:35 0 [Note] InnoDB: File 'D:\xampp\mysql\data\ibtmp1' size is now 12 MB.
2020-10-06 11:59:35 0 [Note] InnoDB: Waiting for purge to start
2020-10-06 11:59:36 0 [Note] InnoDB: 10.4.14 started; log sequence number 476056; transaction id 1042
2020-10-06 11:59:36 0 [Note] InnoDB: Loading buffer pool(s) from D:\xampp\mysql\data\ib_buffer_pool
2020-10-06 11:59:36 0 [Note] Plugin 'FEEDBACK' is disabled.
2020-10-06 11:59:36 0 [Note] Server socket created on IP: '::'.
InnoDB: using atomic writes.
2020-10-06 15:26:34 0 [Note] InnoDB: Mutexes and rw_locks use Windows interlocked functions
2020-10-06 15:26:34 0 [Note] InnoDB: Uses event mutexes
2020-10-06 15:26:34 0 [Note] InnoDB: Compressed tables use zlib 1.2.11
2020-10-06 15:26:34 0 [Note] InnoDB: Number of pools: 1
2020-10-06 15:26:34 0 [Note] InnoDB: Using SSE2 crc32 instructions
2020-10-06 15:26:34 0 [Note] InnoDB: Initializing buffer pool, total size = 16M, instances = 1, chunk size = 16M
2020-10-06 15:26:34 0 [Note] InnoDB: Completed initialization of buffer pool
2020-10-06 15:26:35 0 [Note] InnoDB: Starting crash recovery from checkpoint LSN=548785
2020-10-06 15:26:37 0 [Note] InnoDB: 128 out of 128 rollback segments are active.
2020-10-06 15:26:37 0 [Note] InnoDB: Removed temporary tablespace data file: "ibtmp1"
2020-10-06 15:26:37 0 [Note] InnoDB: Creating shared tablespace for temporary tables
2020-10-06 15:26:37 0 [Note] InnoDB: Setting file 'D:\xampp\mysql\data\ibtmp1' size to 12 MB. Physically writing the file full; Please wait ...
2020-10-06 15:26:37 0 [Note] InnoDB: File 'D:\xampp\mysql\data\ibtmp1' size is now 12 MB.
2020-10-06 15:26:37 0 [Note] InnoDB: Waiting for purge to start
2020-10-06 15:26:37 0 [Note] InnoDB: 10.4.14 started; log sequence number 548794; transaction id 1275
2020-10-06 15:26:37 0 [Note] InnoDB: Loading buffer pool(s) from D:\xampp\mysql\data\ib_buffer_pool
2020-10-06 15:26:37 0 [Note] Plugin 'FEEDBACK' is disabled.
2020-10-06 15:26:37 0 [Note] Server socket created on IP: '::'.
InnoDB: using atomic writes.
2020-10-07 23:05:37 0 [Note] InnoDB: Mutexes and rw_locks use Windows interlocked functions
2020-10-07 23:05:37 0 [Note] InnoDB: Uses event mutexes
2020-10-07 23:05:37 0 [Note] InnoDB: Compressed tables use zlib 1.2.11
2020-10-07 23:05:37 0 [Note] InnoDB: Number of pools: 1
2020-10-07 23:05:37 0 [Note] InnoDB: Using SSE2 crc32 instructions
2020-10-07 23:05:37 0 [Note] InnoDB: Initializing buffer pool, total size = 16M, instances = 1, chunk size = 16M
2020-10-07 23:05:37 0 [Note] InnoDB: Completed initialization of buffer pool
2020-10-07 23:05:38 0 [Note] InnoDB: Starting crash recovery from checkpoint LSN=626503
2020-10-07 23:05:46 0 [Note] InnoDB: 128 out of 128 rollback segments are active.
2020-10-07 23:05:46 0 [Note] InnoDB: Removed temporary tablespace data file: "ibtmp1"
2020-10-07 23:05:46 0 [Note] InnoDB: Creating shared tablespace for temporary tables
2020-10-07 23:05:46 0 [Note] InnoDB: Setting file 'D:\xampp\mysql\data\ibtmp1' size to 12 MB. Physically writing the file full; Please wait ...
2020-10-07 23:05:46 0 [Note] InnoDB: File 'D:\xampp\mysql\data\ibtmp1' size is now 12 MB.
2020-10-07 23:05:46 0 [Note] InnoDB: Waiting for purge to start
2020-10-07 23:05:46 0 [Note] InnoDB: Waiting for purge to start
2020-10-07 23:05:46 0 [Note] InnoDB: Waiting for purge to start
2020-10-07 23:05:46 0 [Note] InnoDB: Waiting for purge to start
2020-10-07 23:05:46 0 [Note] InnoDB: Waiting for purge to start
2020-10-07 23:05:46 0 [Note] InnoDB: 10.4.14 started; log sequence number 626512; transaction id 1632
2020-10-07 23:05:46 0 [Note] InnoDB: Loading buffer pool(s) from D:\xampp\mysql\data\ib_buffer_pool
2020-10-07 23:05:46 0 [Note] Plugin 'FEEDBACK' is disabled.
2020-10-07 23:05:47 0 [Note] InnoDB: Buffer pool(s) load completed at 201007 23:05:47
2020-10-07 23:05:47 0 [Note] Server socket created on IP: '::'.
InnoDB: using atomic writes.
2020-10-08  9:57:32 0 [Note] InnoDB: Mutexes and rw_locks use Windows interlocked functions
2020-10-08  9:57:32 0 [Note] InnoDB: Uses event mutexes
2020-10-08  9:57:32 0 [Note] InnoDB: Compressed tables use zlib 1.2.11
2020-10-08  9:57:32 0 [Note] InnoDB: Number of pools: 1
2020-10-08  9:57:32 0 [Note] InnoDB: Using SSE2 crc32 instructions
2020-10-08  9:57:32 0 [Note] InnoDB: Initializing buffer pool, total size = 16M, instances = 1, chunk size = 16M
2020-10-08  9:57:32 0 [Note] InnoDB: Completed initialization of buffer pool
2020-10-08  9:57:33 0 [Note] InnoDB: Starting crash recovery from checkpoint LSN=633293
2020-10-08  9:57:36 0 [Note] InnoDB: 128 out of 128 rollback segments are active.
2020-10-08  9:57:36 0 [Note] InnoDB: Removed temporary tablespace data file: "ibtmp1"
2020-10-08  9:57:36 0 [Note] InnoDB: Creating shared tablespace for temporary tables
2020-10-08  9:57:36 0 [Note] InnoDB: Setting file 'D:\xampp\mysql\data\ibtmp1' size to 12 MB. Physically writing the file full; Please wait ...
2020-10-08  9:57:36 0 [Note] InnoDB: File 'D:\xampp\mysql\data\ibtmp1' size is now 12 MB.
2020-10-08  9:57:36 0 [Note] InnoDB: Waiting for purge to start
2020-10-08  9:57:36 0 [Note] InnoDB: Waiting for purge to start
2020-10-08  9:57:37 0 [Note] InnoDB: Waiting for purge to start
2020-10-08  9:57:37 0 [Note] InnoDB: Waiting for purge to start
2020-10-08  9:57:37 0 [Note] InnoDB: 10.4.14 started; log sequence number 633302; transaction id 1673
2020-10-08  9:57:37 0 [Note] InnoDB: Loading buffer pool(s) from D:\xampp\mysql\data\ib_buffer_pool
2020-10-08  9:57:37 0 [Note] Plugin 'FEEDBACK' is disabled.
2020-10-08  9:57:37 0 [Note] InnoDB: Buffer pool(s) load completed at 201008  9:57:37
2020-10-08  9:57:38 0 [Note] Server socket created on IP: '::'.
InnoDB: using atomic writes.
2020-10-08 23:52:06 0 [Note] InnoDB: Mutexes and rw_locks use Windows interlocked functions
2020-10-08 23:52:06 0 [Note] InnoDB: Uses event mutexes
2020-10-08 23:52:06 0 [Note] InnoDB: Compressed tables use zlib 1.2.11
2020-10-08 23:52:06 0 [Note] InnoDB: Number of pools: 1
2020-10-08 23:52:06 0 [Note] InnoDB: Using SSE2 crc32 instructions
2020-10-08 23:52:06 0 [Note] InnoDB: Initializing buffer pool, total size = 16M, instances = 1, chunk size = 16M
2020-10-08 23:52:06 0 [Note] InnoDB: Completed initialization of buffer pool
2020-10-08 23:52:06 0 [Note] InnoDB: Starting crash recovery from checkpoint LSN=670842
2020-10-08 23:52:11 0 [Note] InnoDB: 128 out of 128 rollback segments are active.
2020-10-08 23:52:11 0 [Note] InnoDB: Removed temporary tablespace data file: "ibtmp1"
2020-10-08 23:52:11 0 [Note] InnoDB: Creating shared tablespace for temporary tables
2020-10-08 23:52:11 0 [Note] InnoDB: Setting file 'D:\xampp\mysql\data\ibtmp1' size to 12 MB. Physically writing the file full; Please wait ...
2020-10-08 23:52:11 0 [Note] InnoDB: File 'D:\xampp\mysql\data\ibtmp1' size is now 12 MB.
2020-10-08 23:52:11 0 [Note] InnoDB: Waiting for purge to start
2020-10-08 23:52:11 0 [Note] InnoDB: Waiting for purge to start
2020-10-08 23:52:11 0 [Note] InnoDB: 10.4.14 started; log sequence number 670851; transaction id 1866
2020-10-08 23:52:11 0 [Note] InnoDB: Loading buffer pool(s) from D:\xampp\mysql\data\ib_buffer_pool
2020-10-08 23:52:12 0 [Note] Plugin 'FEEDBACK' is disabled.
2020-10-08 23:52:12 0 [Note] InnoDB: Buffer pool(s) load completed at 201008 23:52:12
2020-10-08 23:52:12 0 [Note] Server socket created on IP: '::'.
InnoDB: using atomic writes.
2020-10-09 18:05:57 0 [Note] InnoDB: Mutexes and rw_locks use Windows interlocked functions
2020-10-09 18:05:57 0 [Note] InnoDB: Uses event mutexes
2020-10-09 18:05:57 0 [Note] InnoDB: Compressed tables use zlib 1.2.11
2020-10-09 18:05:57 0 [Note] InnoDB: Number of pools: 1
2020-10-09 18:05:57 0 [Note] InnoDB: Using SSE2 crc32 instructions
2020-10-09 18:05:57 0 [Note] InnoDB: Initializing buffer pool, total size = 16M, instances = 1, chunk size = 16M
2020-10-09 18:05:57 0 [Note] InnoDB: Completed initialization of buffer pool
2020-10-09 18:05:57 0 [Note] InnoDB: Starting crash recovery from checkpoint LSN=685324
2020-10-09 18:06:03 0 [Note] InnoDB: 128 out of 128 rollback segments are active.
2020-10-09 18:06:03 0 [Note] InnoDB: Removed temporary tablespace data file: "ibtmp1"
2020-10-09 18:06:03 0 [Note] InnoDB: Creating shared tablespace for temporary tables
2020-10-09 18:06:03 0 [Note] InnoDB: Setting file 'D:\xampp\mysql\data\ibtmp1' size to 12 MB. Physically writing the file full; Please wait ...
2020-10-09 18:06:03 0 [Note] InnoDB: File 'D:\xampp\mysql\data\ibtmp1' size is now 12 MB.
2020-10-09 18:06:03 0 [Note] InnoDB: Waiting for purge to start
2020-10-09 18:06:03 0 [Note] InnoDB: Waiting for purge to start
2020-10-09 18:06:03 0 [Note] InnoDB: 10.4.14 started; log sequence number 685333; transaction id 1962
2020-10-09 18:06:03 0 [Note] InnoDB: Loading buffer pool(s) from D:\xampp\mysql\data\ib_buffer_pool
2020-10-09 18:06:03 0 [Note] Plugin 'FEEDBACK' is disabled.
2020-10-09 18:06:03 0 [Note] InnoDB: Buffer pool(s) load completed at 201009 18:06:03
2020-10-09 18:06:03 0 [Note] Server socket created on IP: '::'.
InnoDB: using atomic writes.
2020-10-11 12:29:34 0 [Note] InnoDB: Mutexes and rw_locks use Windows interlocked functions
2020-10-11 12:29:34 0 [Note] InnoDB: Uses event mutexes
2020-10-11 12:29:34 0 [Note] InnoDB: Compressed tables use zlib 1.2.11
2020-10-11 12:29:34 0 [Note] InnoDB: Number of pools: 1
2020-10-11 12:29:34 0 [Note] InnoDB: Using SSE2 crc32 instructions
2020-10-11 12:29:34 0 [Note] InnoDB: Initializing buffer pool, total size = 16M, instances = 1, chunk size = 16M
2020-10-11 12:29:34 0 [Note] InnoDB: Completed initialization of buffer pool
2020-10-11 12:29:34 0 [Note] InnoDB: Starting crash recovery from checkpoint LSN=688828
2020-10-11 12:29:36 0 [Note] InnoDB: 128 out of 128 rollback segments are active.
2020-10-11 12:29:36 0 [Note] InnoDB: Removed temporary tablespace data file: "ibtmp1"
2020-10-11 12:29:36 0 [Note] InnoDB: Creating shared tablespace for temporary tables
2020-10-11 12:29:36 0 [Note] InnoDB: Setting file 'D:\xampp\mysql\data\ibtmp1' size to 12 MB. Physically writing the file full; Please wait ...
2020-10-11 12:29:36 0 [Note] InnoDB: File 'D:\xampp\mysql\data\ibtmp1' size is now 12 MB.
2020-10-11 12:29:36 0 [Note] InnoDB: Waiting for purge to start
2020-10-11 12:29:36 0 [Note] InnoDB: Waiting for purge to start
2020-10-11 12:29:36 0 [Note] InnoDB: Waiting for purge to start
2020-10-11 12:29:36 0 [Note] InnoDB: 10.4.14 started; log sequence number 688837; transaction id 2001
2020-10-11 12:29:36 0 [Note] InnoDB: Loading buffer pool(s) from D:\xampp\mysql\data\ib_buffer_pool
2020-10-11 12:29:36 0 [Note] Plugin 'FEEDBACK' is disabled.
2020-10-11 12:29:37 0 [Note] Server socket created on IP: '::'.
InnoDB: using atomic writes.
2020-10-11 12:51:07 0 [Note] InnoDB: Mutexes and rw_locks use Windows interlocked functions
2020-10-11 12:51:07 0 [Note] InnoDB: Uses event mutexes
2020-10-11 12:51:07 0 [Note] InnoDB: Compressed tables use zlib 1.2.11
2020-10-11 12:51:07 0 [Note] InnoDB: Number of pools: 1
2020-10-11 12:51:07 0 [Note] InnoDB: Using SSE2 crc32 instructions
2020-10-11 12:51:07 0 [Note] InnoDB: Initializing buffer pool, total size = 16M, instances = 1, chunk size = 16M
2020-10-11 12:51:07 0 [Note] InnoDB: Completed initialization of buffer pool
2020-10-11 12:51:07 0 [Note] InnoDB: Starting crash recovery from checkpoint LSN=688846
2020-10-11 12:51:08 0 [Note] InnoDB: 128 out of 128 rollback segments are active.
2020-10-11 12:51:08 0 [Note] InnoDB: Removed temporary tablespace data file: "ibtmp1"
2020-10-11 12:51:08 0 [Note] InnoDB: Creating shared tablespace for temporary tables
2020-10-11 12:51:08 0 [Note] InnoDB: Setting file 'D:\xampp\mysql\data\ibtmp1' size to 12 MB. Physically writing the file full; Please wait ...
2020-10-11 12:51:08 0 [Note] InnoDB: File 'D:\xampp\mysql\data\ibtmp1' size is now 12 MB.
2020-10-11 12:51:08 0 [Note] InnoDB: Waiting for purge to start
2020-10-11 12:51:08 0 [Note] InnoDB: 10.4.14 started; log sequence number 688855; transaction id 2001
2020-10-11 12:51:08 0 [Note] InnoDB: Loading buffer pool(s) from D:\xampp\mysql\data\ib_buffer_pool
2020-10-11 12:51:08 0 [Note] Plugin 'FEEDBACK' is disabled.
2020-10-11 12:51:08 0 [Note] Server socket created on IP: '::'.
InnoDB: using atomic writes.
2020-10-11 12:58:33 0 [Note] InnoDB: Mutexes and rw_locks use Windows interlocked functions
2020-10-11 12:58:33 0 [Note] InnoDB: Uses event mutexes
2020-10-11 12:58:33 0 [Note] InnoDB: Compressed tables use zlib 1.2.11
2020-10-11 12:58:33 0 [Note] InnoDB: Number of pools: 1
2020-10-11 12:58:33 0 [Note] InnoDB: Using SSE2 crc32 instructions
2020-10-11 12:58:33 0 [Note] InnoDB: Initializing buffer pool, total size = 16M, instances = 1, chunk size = 16M
2020-10-11 12:58:33 0 [Note] InnoDB: Completed initialization of buffer pool
2020-10-11 12:58:33 0 [Note] InnoDB: Starting crash recovery from checkpoint LSN=689681
2020-10-11 12:58:34 0 [Note] InnoDB: 128 out of 128 rollback segments are active.
2020-10-11 12:58:34 0 [Note] InnoDB: Removed temporary tablespace data file: "ibtmp1"
2020-10-11 12:58:34 0 [Note] InnoDB: Creating shared tablespace for temporary tables
2020-10-11 12:58:34 0 [Note] InnoDB: Setting file 'D:\xampp\mysql\data\ibtmp1' size to 12 MB. Physically writing the file full; Please wait ...
2020-10-11 12:58:34 0 [Note] InnoDB: File 'D:\xampp\mysql\data\ibtmp1' size is now 12 MB.
2020-10-11 12:58:34 0 [Note] InnoDB: Waiting for purge to start
2020-10-11 12:58:34 0 [Note] InnoDB: 10.4.14 started; log sequence number 689690; transaction id 2049
2020-10-11 12:58:34 0 [Note] InnoDB: Loading buffer pool(s) from D:\xampp\mysql\data\ib_buffer_pool
2020-10-11 12:58:34 0 [Note] Plugin 'FEEDBACK' is disabled.
2020-10-11 12:58:34 0 [Note] Server socket created on IP: '::'.
InnoDB: using atomic writes.
2020-10-13 21:34:15 0 [Note] InnoDB: Mutexes and rw_locks use Windows interlocked functions
2020-10-13 21:34:15 0 [Note] InnoDB: Uses event mutexes
2020-10-13 21:34:15 0 [Note] InnoDB: Compressed tables use zlib 1.2.11
2020-10-13 21:34:15 0 [Note] InnoDB: Number of pools: 1
2020-10-13 21:34:15 0 [Note] InnoDB: Using SSE2 crc32 instructions
2020-10-13 21:34:16 0 [Note] InnoDB: Initializing buffer pool, total size = 16M, instances = 1, chunk size = 16M
2020-10-13 21:34:16 0 [Note] InnoDB: Completed initialization of buffer pool
2020-10-13 21:34:16 0 [Note] InnoDB: Starting crash recovery from checkpoint LSN=689699
2020-10-13 21:34:18 0 [Note] InnoDB: 128 out of 128 rollback segments are active.
2020-10-13 21:34:18 0 [Note] InnoDB: Removed temporary tablespace data file: "ibtmp1"
2020-10-13 21:34:18 0 [Note] InnoDB: Creating shared tablespace for temporary tables
2020-10-13 21:34:18 0 [Note] InnoDB: Setting file 'D:\xampp\mysql\data\ibtmp1' size to 12 MB. Physically writing the file full; Please wait ...
2020-10-13 21:34:18 0 [Note] InnoDB: File 'D:\xampp\mysql\data\ibtmp1' size is now 12 MB.
2020-10-13 21:34:18 0 [Note] InnoDB: Waiting for purge to start
2020-10-13 21:34:18 0 [Note] InnoDB: Waiting for purge to start
2020-10-13 21:34:18 0 [Note] InnoDB: Waiting for purge to start
2020-10-13 21:34:18 0 [Note] InnoDB: 10.4.14 started; log sequence number 689708; transaction id 2049
2020-10-13 21:34:18 0 [Note] InnoDB: Loading buffer pool(s) from D:\xampp\mysql\data\ib_buffer_pool
2020-10-13 21:34:18 0 [Note] Plugin 'FEEDBACK' is disabled.
2020-10-13 21:34:18 0 [Note] InnoDB: Buffer pool(s) load completed at 201013 21:34:18
2020-10-13 21:34:19 0 [Note] Server socket created on IP: '::'.
InnoDB: using atomic writes.
2020-10-14 21:30:28 0 [Note] InnoDB: Mutexes and rw_locks use Windows interlocked functions
2020-10-14 21:30:28 0 [Note] InnoDB: Uses event mutexes
2020-10-14 21:30:28 0 [Note] InnoDB: Compressed tables use zlib 1.2.11
2020-10-14 21:30:29 0 [Note] InnoDB: Number of pools: 1
2020-10-14 21:30:29 0 [Note] InnoDB: Using SSE2 crc32 instructions
2020-10-14 21:30:29 0 [Note] InnoDB: Initializing buffer pool, total size = 16M, instances = 1, chunk size = 16M
2020-10-14 21:30:29 0 [Note] InnoDB: Completed initialization of buffer pool
2020-10-14 21:30:30 0 [Note] InnoDB: Starting crash recovery from checkpoint LSN=689717
2020-10-14 21:30:33 0 [Note] InnoDB: 128 out of 128 rollback segments are active.
2020-10-14 21:30:33 0 [Note] InnoDB: Removed temporary tablespace data file: "ibtmp1"
2020-10-14 21:30:33 0 [Note] InnoDB: Creating shared tablespace for temporary tables
2020-10-14 21:30:33 0 [Note] InnoDB: Setting file 'D:\xampp\mysql\data\ibtmp1' size to 12 MB. Physically writing the file full; Please wait ...
2020-10-14 21:30:33 0 [Note] InnoDB: File 'D:\xampp\mysql\data\ibtmp1' size is now 12 MB.
2020-10-14 21:30:33 0 [Note] InnoDB: Waiting for purge to start
2020-10-14 21:30:33 0 [Note] InnoDB: Waiting for purge to start
2020-10-14 21:30:33 0 [Note] InnoDB: Waiting for purge to start
2020-10-14 21:30:33 0 [Note] InnoDB: 10.4.14 started; log sequence number 689726; transaction id 2049
2020-10-14 21:30:33 0 [Note] InnoDB: Loading buffer pool(s) from D:\xampp\mysql\data\ib_buffer_pool
2020-10-14 21:30:33 0 [Note] Plugin 'FEEDBACK' is disabled.
2020-10-14 21:30:33 0 [Note] InnoDB: Buffer pool(s) load completed at 201014 21:30:33
2020-10-14 21:30:34 0 [Note] Server socket created on IP: '::'.
InnoDB: using atomic writes.
2020-10-15 21:20:15 0 [Note] InnoDB: Mutexes and rw_locks use Windows interlocked functions
2020-10-15 21:20:15 0 [Note] InnoDB: Uses event mutexes
2020-10-15 21:20:15 0 [Note] InnoDB: Compressed tables use zlib 1.2.11
2020-10-15 21:20:16 0 [Note] InnoDB: Number of pools: 1
2020-10-15 21:20:16 0 [Note] InnoDB: Using SSE2 crc32 instructions
2020-10-15 21:20:16 0 [Note] InnoDB: Initializing buffer pool, total size = 16M, instances = 1, chunk size = 16M
2020-10-15 21:20:16 0 [Note] InnoDB: Completed initialization of buffer pool
2020-10-15 21:20:16 0 [Note] InnoDB: Starting crash recovery from checkpoint LSN=689735
2020-10-15 21:20:18 0 [Note] InnoDB: 128 out of 128 rollback segments are active.
2020-10-15 21:20:18 0 [Note] InnoDB: Removed temporary tablespace data file: "ibtmp1"
2020-10-15 21:20:18 0 [Note] InnoDB: Creating shared tablespace for temporary tables
2020-10-15 21:20:18 0 [Note] InnoDB: Setting file 'D:\xampp\mysql\data\ibtmp1' size to 12 MB. Physically writing the file full; Please wait ...
2020-10-15 21:20:18 0 [Note] InnoDB: File 'D:\xampp\mysql\data\ibtmp1' size is now 12 MB.
2020-10-15 21:20:18 0 [Note] InnoDB: Waiting for purge to start
2020-10-15 21:20:18 0 [Note] InnoDB: Waiting for purge to start
2020-10-15 21:20:18 0 [Note] InnoDB: Waiting for purge to start
2020-10-15 21:20:18 0 [Note] InnoDB: 10.4.14 started; log sequence number 689744; transaction id 2049
2020-10-15 21:20:18 0 [Note] InnoDB: Loading buffer pool(s) from D:\xampp\mysql\data\ib_buffer_pool
2020-10-15 21:20:18 0 [Note] Plugin 'FEEDBACK' is disabled.
2020-10-15 21:20:18 0 [Note] InnoDB: Buffer pool(s) load completed at 201015 21:20:18
2020-10-15 21:20:19 0 [Note] Server socket created on IP: '::'.
InnoDB: using atomic writes.
2020-10-15 22:03:26 0 [Note] InnoDB: Mutexes and rw_locks use Windows interlocked functions
2020-10-15 22:03:26 0 [Note] InnoDB: Uses event mutexes
2020-10-15 22:03:26 0 [Note] InnoDB: Compressed tables use zlib 1.2.11
2020-10-15 22:03:26 0 [Note] InnoDB: Number of pools: 1
2020-10-15 22:03:26 0 [Note] InnoDB: Using SSE2 crc32 instructions
2020-10-15 22:03:26 0 [Note] InnoDB: Initializing buffer pool, total size = 16M, instances = 1, chunk size = 16M
2020-10-15 22:03:26 0 [Note] InnoDB: Completed initialization of buffer pool
2020-10-15 22:03:26 0 [Note] InnoDB: Starting crash recovery from checkpoint LSN=689753
2020-10-15 22:03:27 0 [Note] InnoDB: 128 out of 128 rollback segments are active.
2020-10-15 22:03:27 0 [Note] InnoDB: Removed temporary tablespace data file: "ibtmp1"
2020-10-15 22:03:27 0 [Note] InnoDB: Creating shared tablespace for temporary tables
2020-10-15 22:03:27 0 [Note] InnoDB: Setting file 'D:\xampp\mysql\data\ibtmp1' size to 12 MB. Physically writing the file full; Please wait ...
2020-10-15 22:03:27 0 [Note] InnoDB: File 'D:\xampp\mysql\data\ibtmp1' size is now 12 MB.
2020-10-15 22:03:27 0 [Note] InnoDB: Waiting for purge to start
2020-10-15 22:03:27 0 [Note] InnoDB: 10.4.14 started; log sequence number 689762; transaction id 2049
2020-10-15 22:03:27 0 [Note] InnoDB: Loading buffer pool(s) from D:\xampp\mysql\data\ib_buffer_pool
2020-10-15 22:03:27 0 [Note] Plugin 'FEEDBACK' is disabled.
2020-10-15 22:03:27 0 [Note] Server socket created on IP: '::'.
InnoDB: using atomic writes.
2020-10-15 22:14:48 0 [Note] InnoDB: Mutexes and rw_locks use Windows interlocked functions
2020-10-15 22:14:48 0 [Note] InnoDB: Uses event mutexes
2020-10-15 22:14:48 0 [Note] InnoDB: Compressed tables use zlib 1.2.11
2020-10-15 22:14:48 0 [Note] InnoDB: Number of pools: 1
2020-10-15 22:14:48 0 [Note] InnoDB: Using SSE2 crc32 instructions
2020-10-15 22:14:48 0 [Note] InnoDB: Initializing buffer pool, total size = 16M, instances = 1, chunk size = 16M
2020-10-15 22:14:48 0 [Note] InnoDB: Completed initialization of buffer pool
2020-10-15 22:14:49 0 [Note] InnoDB: Starting crash recovery from checkpoint LSN=689771
2020-10-15 22:14:49 0 [Note] InnoDB: 128 out of 128 rollback segments are active.
2020-10-15 22:14:49 0 [Note] InnoDB: Removed temporary tablespace data file: "ibtmp1"
2020-10-15 22:14:49 0 [Note] InnoDB: Creating shared tablespace for temporary tables
2020-10-15 22:14:49 0 [Note] InnoDB: Setting file 'D:\xampp\mysql\data\ibtmp1' size to 12 MB. Physically writing the file full; Please wait ...
2020-10-15 22:14:49 0 [Note] InnoDB: File 'D:\xampp\mysql\data\ibtmp1' size is now 12 MB.
2020-10-15 22:14:49 0 [Note] InnoDB: Waiting for purge to start
2020-10-15 22:14:49 0 [Note] InnoDB: 10.4.14 started; log sequence number 689780; transaction id 2049
2020-10-15 22:14:49 0 [Note] InnoDB: Loading buffer pool(s) from D:\xampp\mysql\data\ib_buffer_pool
2020-10-15 22:14:49 0 [Note] Plugin 'FEEDBACK' is disabled.
2020-10-15 22:14:49 0 [Note] Server socket created on IP: '::'.
InnoDB: using atomic writes.
2020-10-16 10:57:34 0 [Note] InnoDB: Mutexes and rw_locks use Windows interlocked functions
2020-10-16 10:57:34 0 [Note] InnoDB: Uses event mutexes
2020-10-16 10:57:34 0 [Note] InnoDB: Compressed tables use zlib 1.2.11
2020-10-16 10:57:34 0 [Note] InnoDB: Number of pools: 1
2020-10-16 10:57:34 0 [Note] InnoDB: Using SSE2 crc32 instructions
2020-10-16 10:57:34 0 [Note] InnoDB: Initializing buffer pool, total size = 16M, instances = 1, chunk size = 16M
2020-10-16 10:57:34 0 [Note] InnoDB: Completed initialization of buffer pool
2020-10-16 10:57:35 0 [Note] InnoDB: Starting crash recovery from checkpoint LSN=689789
2020-10-16 10:57:38 0 [Note] InnoDB: 128 out of 128 rollback segments are active.
2020-10-16 10:57:38 0 [Note] InnoDB: Removed temporary tablespace data file: "ibtmp1"
2020-10-16 10:57:38 0 [Note] InnoDB: Creating shared tablespace for temporary tables
2020-10-16 10:57:38 0 [Note] InnoDB: Setting file 'D:\xampp\mysql\data\ibtmp1' size to 12 MB. Physically writing the file full; Please wait ...
2020-10-16 10:57:38 0 [Note] InnoDB: File 'D:\xampp\mysql\data\ibtmp1' size is now 12 MB.
2020-10-16 10:57:38 0 [Note] InnoDB: Waiting for purge to start
2020-10-16 10:57:38 0 [Note] InnoDB: Waiting for purge to start
2020-10-16 10:57:38 0 [Note] InnoDB: Waiting for purge to start
2020-10-16 10:57:38 0 [Note] InnoDB: 10.4.14 started; log sequence number 689798; transaction id 2049
2020-10-16 10:57:38 0 [Note] InnoDB: Loading buffer pool(s) from D:\xampp\mysql\data\ib_buffer_pool
2020-10-16 10:57:38 0 [Note] Plugin 'FEEDBACK' is disabled.
2020-10-16 10:57:39 0 [Note] InnoDB: Buffer pool(s) load completed at 201016 10:57:39
2020-10-16 10:57:40 0 [Note] Server socket created on IP: '::'.
InnoDB: using atomic writes.
2020-10-16 18:55:40 0 [Note] InnoDB: Mutexes and rw_locks use Windows interlocked functions
2020-10-16 18:55:40 0 [Note] InnoDB: Uses event mutexes
2020-10-16 18:55:40 0 [Note] InnoDB: Compressed tables use zlib 1.2.11
2020-10-16 18:55:40 0 [Note] InnoDB: Number of pools: 1
2020-10-16 18:55:40 0 [Note] InnoDB: Using SSE2 crc32 instructions
2020-10-16 18:55:41 0 [Note] InnoDB: Initializing buffer pool, total size = 16M, instances = 1, chunk size = 16M
2020-10-16 18:55:41 0 [Note] InnoDB: Completed initialization of buffer pool
2020-10-16 18:55:41 0 [Note] InnoDB: Starting crash recovery from checkpoint LSN=689807
2020-10-16 18:55:42 0 [Note] InnoDB: 128 out of 128 rollback segments are active.
2020-10-16 18:55:42 0 [Note] InnoDB: Removed temporary tablespace data file: "ibtmp1"
2020-10-16 18:55:42 0 [Note] InnoDB: Creating shared tablespace for temporary tables
2020-10-16 18:55:42 0 [Note] InnoDB: Setting file 'D:\xampp\mysql\data\ibtmp1' size to 12 MB. Physically writing the file full; Please wait ...
2020-10-16 18:55:42 0 [Note] InnoDB: File 'D:\xampp\mysql\data\ibtmp1' size is now 12 MB.
2020-10-16 18:55:42 0 [Note] InnoDB: Waiting for purge to start
2020-10-16 18:55:42 0 [Note] InnoDB: Waiting for purge to start
2020-10-16 18:55:42 0 [Note] InnoDB: 10.4.14 started; log sequence number 689816; transaction id 2049
2020-10-16 18:55:42 0 [Note] InnoDB: Loading buffer pool(s) from D:\xampp\mysql\data\ib_buffer_pool
2020-10-16 18:55:43 0 [Note] Plugin 'FEEDBACK' is disabled.
2020-10-16 18:55:43 0 [Note] InnoDB: Buffer pool(s) load completed at 201016 18:55:43
2020-10-16 18:55:43 0 [Note] Server socket created on IP: '::'.
InnoDB: using atomic writes.
2020-10-17 13:15:08 0 [Note] InnoDB: Mutexes and rw_locks use Windows interlocked functions
2020-10-17 13:15:08 0 [Note] InnoDB: Uses event mutexes
2020-10-17 13:15:08 0 [Note] InnoDB: Compressed tables use zlib 1.2.11
2020-10-17 13:15:08 0 [Note] InnoDB: Number of pools: 1
2020-10-17 13:15:09 0 [Note] InnoDB: Using SSE2 crc32 instructions
2020-10-17 13:15:09 0 [Note] InnoDB: Initializing buffer pool, total size = 16M, instances = 1, chunk size = 16M
2020-10-17 13:15:09 0 [Note] InnoDB: Completed initialization of buffer pool
2020-10-17 13:15:09 0 [Note] InnoDB: Starting crash recovery from checkpoint LSN=689825
2020-10-17 13:15:10 0 [Note] InnoDB: 128 out of 128 rollback segments are active.
2020-10-17 13:15:10 0 [Note] InnoDB: Removed temporary tablespace data file: "ibtmp1"
2020-10-17 13:15:10 0 [Note] InnoDB: Creating shared tablespace for temporary tables
2020-10-17 13:15:10 0 [Note] InnoDB: Setting file 'D:\xampp\mysql\data\ibtmp1' size to 12 MB. Physically writing the file full; Please wait ...
2020-10-17 13:15:10 0 [Note] InnoDB: File 'D:\xampp\mysql\data\ibtmp1' size is now 12 MB.
2020-10-17 13:15:10 0 [Note] InnoDB: Waiting for purge to start
2020-10-17 13:15:10 0 [Note] InnoDB: Waiting for purge to start
2020-10-17 13:15:10 0 [Note] InnoDB: Waiting for purge to start
2020-10-17 13:15:10 0 [Note] InnoDB: Waiting for purge to start
2020-10-17 13:15:10 0 [Note] InnoDB: 10.4.14 started; log sequence number 689834; transaction id 2049
2020-10-17 13:15:10 0 [Note] InnoDB: Loading buffer pool(s) from D:\xampp\mysql\data\ib_buffer_pool
2020-10-17 13:15:10 0 [Note] Plugin 'FEEDBACK' is disabled.
2020-10-17 13:15:11 0 [Note] InnoDB: Buffer pool(s) load completed at 201017 13:15:11
2020-10-17 13:15:12 0 [Note] Server socket created on IP: '::'.
InnoDB: using atomic writes.
2020-10-21 10:09:30 0 [Note] InnoDB: Mutexes and rw_locks use Windows interlocked functions
2020-10-21 10:09:30 0 [Note] InnoDB: Uses event mutexes
2020-10-21 10:09:30 0 [Note] InnoDB: Compressed tables use zlib 1.2.11
2020-10-21 10:09:31 0 [Note] InnoDB: Number of pools: 1
2020-10-21 10:09:31 0 [Note] InnoDB: Using SSE2 crc32 instructions
2020-10-21 10:09:31 0 [Note] InnoDB: Initializing buffer pool, total size = 16M, instances = 1, chunk size = 16M
2020-10-21 10:09:31 0 [Note] InnoDB: Completed initialization of buffer pool
2020-10-21 10:09:31 0 [Note] InnoDB: Starting crash recovery from checkpoint LSN=689843
2020-10-21 10:09:32 0 [Note] InnoDB: 128 out of 128 rollback segments are active.
2020-10-21 10:09:32 0 [Note] InnoDB: Removed temporary tablespace data file: "ibtmp1"
2020-10-21 10:09:32 0 [Note] InnoDB: Creating shared tablespace for temporary tables
2020-10-21 10:09:32 0 [Note] InnoDB: Setting file 'D:\xampp\mysql\data\ibtmp1' size to 12 MB. Physically writing the file full; Please wait ...
2020-10-21 10:09:32 0 [Note] InnoDB: File 'D:\xampp\mysql\data\ibtmp1' size is now 12 MB.
2020-10-21 10:09:32 0 [Note] InnoDB: Waiting for purge to start
2020-10-21 10:09:32 0 [Note] InnoDB: Waiting for purge to start
2020-10-21 10:09:32 0 [Note] InnoDB: Waiting for purge to start
2020-10-21 10:09:32 0 [Note] InnoDB: 10.4.14 started; log sequence number 689852; transaction id 2049
2020-10-21 10:09:32 0 [Note] InnoDB: Loading buffer pool(s) from D:\xampp\mysql\data\ib_buffer_pool
2020-10-21 10:09:32 0 [Note] Plugin 'FEEDBACK' is disabled.
2020-10-21 10:09:33 0 [Note] InnoDB: Buffer pool(s) load completed at 201021 10:09:33
2020-10-21 10:09:33 0 [Note] Server socket created on IP: '::'.
InnoDB: using atomic writes.
2020-10-23 10:41:13 0 [Note] InnoDB: Mutexes and rw_locks use Windows interlocked functions
2020-10-23 10:41:13 0 [Note] InnoDB: Uses event mutexes
2020-10-23 10:41:13 0 [Note] InnoDB: Compressed tables use zlib 1.2.11
2020-10-23 10:41:13 0 [Note] InnoDB: Number of pools: 1
2020-10-23 10:41:13 0 [Note] InnoDB: Using SSE2 crc32 instructions
2020-10-23 10:41:13 0 [Note] InnoDB: Initializing buffer pool, total size = 16M, instances = 1, chunk size = 16M
2020-10-23 10:41:13 0 [Note] InnoDB: Completed initialization of buffer pool
2020-10-23 10:41:14 0 [Note] InnoDB: Starting crash recovery from checkpoint LSN=693099
2020-10-23 10:41:18 0 [Note] InnoDB: 128 out of 128 rollback segments are active.
2020-10-23 10:41:18 0 [Note] InnoDB: Removed temporary tablespace data file: "ibtmp1"
2020-10-23 10:41:18 0 [Note] InnoDB: Creating shared tablespace for temporary tables
2020-10-23 10:41:18 0 [Note] InnoDB: Setting file 'D:\xampp\mysql\data\ibtmp1' size to 12 MB. Physically writing the file full; Please wait ...
2020-10-23 10:41:18 0 [Note] InnoDB: File 'D:\xampp\mysql\data\ibtmp1' size is now 12 MB.
2020-10-23 10:41:18 0 [Note] InnoDB: Waiting for purge to start
2020-10-23 10:41:18 0 [Note] InnoDB: Waiting for purge to start
2020-10-23 10:41:18 0 [Note] InnoDB: Waiting for purge to start
2020-10-23 10:41:19 0 [Note] InnoDB: Waiting for purge to start
2020-10-23 10:41:19 0 [Note] InnoDB: Waiting for purge to start
2020-10-23 10:41:19 0 [Note] InnoDB: Waiting for purge to start
2020-10-23 10:41:19 0 [Note] InnoDB: 10.4.14 started; log sequence number 693108; transaction id 2081
2020-10-23 10:41:19 0 [Note] InnoDB: Loading buffer pool(s) from D:\xampp\mysql\data\ib_buffer_pool
2020-10-23 10:41:19 0 [Note] Plugin 'FEEDBACK' is disabled.
2020-10-23 10:41:19 0 [Note] InnoDB: Buffer pool(s) load completed at 201023 10:41:19
2020-10-23 10:41:20 0 [Note] Server socket created on IP: '::'.
InnoDB: using atomic writes.
2020-10-27 10:19:01 0 [Note] InnoDB: Mutexes and rw_locks use Windows interlocked functions
2020-10-27 10:19:01 0 [Note] InnoDB: Uses event mutexes
2020-10-27 10:19:01 0 [Note] InnoDB: Compressed tables use zlib 1.2.11
2020-10-27 10:19:01 0 [Note] InnoDB: Number of pools: 1
2020-10-27 10:19:01 0 [Note] InnoDB: Using SSE2 crc32 instructions
2020-10-27 10:19:01 0 [Note] InnoDB: Initializing buffer pool, total size = 16M, instances = 1, chunk size = 16M
2020-10-27 10:19:01 0 [Note] InnoDB: Completed initialization of buffer pool
2020-10-27 10:19:01 0 [Note] InnoDB: Starting crash recovery from checkpoint LSN=693735
2020-10-27 10:19:03 0 [Note] InnoDB: 128 out of 128 rollback segments are active.
2020-10-27 10:19:03 0 [Note] InnoDB: Removed temporary tablespace data file: "ibtmp1"
2020-10-27 10:19:03 0 [Note] InnoDB: Creating shared tablespace for temporary tables
2020-10-27 10:19:03 0 [Note] InnoDB: Setting file 'D:\xampp\mysql\data\ibtmp1' size to 12 MB. Physically writing the file full; Please wait ...
2020-10-27 10:19:03 0 [Note] InnoDB: File 'D:\xampp\mysql\data\ibtmp1' size is now 12 MB.
2020-10-27 10:19:03 0 [Note] InnoDB: Waiting for purge to start
2020-10-27 10:19:03 0 [Note] InnoDB: Waiting for purge to start
2020-10-27 10:19:03 0 [Note] InnoDB: Waiting for purge to start
2020-10-27 10:19:03 0 [Note] InnoDB: 10.4.14 started; log sequence number 693744; transaction id 2107
2020-10-27 10:19:03 0 [Note] InnoDB: Loading buffer pool(s) from D:\xampp\mysql\data\ib_buffer_pool
2020-10-27 10:19:03 0 [Note] Plugin 'FEEDBACK' is disabled.
2020-10-27 10:19:03 0 [Note] InnoDB: Buffer pool(s) load completed at 201027 10:19:03
2020-10-27 10:19:04 0 [Note] Server socket created on IP: '::'.
InnoDB: using atomic writes.
2020-10-27 19:56:35 0 [Note] InnoDB: Mutexes and rw_locks use Windows interlocked functions
2020-10-27 19:56:35 0 [Note] InnoDB: Uses event mutexes
2020-10-27 19:56:35 0 [Note] InnoDB: Compressed tables use zlib 1.2.11
2020-10-27 19:56:35 0 [Note] InnoDB: Number of pools: 1
2020-10-27 19:56:35 0 [Note] InnoDB: Using SSE2 crc32 instructions
2020-10-27 19:56:36 0 [Note] InnoDB: Initializing buffer pool, total size = 16M, instances = 1, chunk size = 16M
2020-10-27 19:56:36 0 [Note] InnoDB: Completed initialization of buffer pool
2020-10-27 19:56:36 0 [Note] InnoDB: Starting crash recovery from checkpoint LSN=693778
2020-10-27 19:56:40 0 [Note] InnoDB: 128 out of 128 rollback segments are active.
2020-10-27 19:56:40 0 [Note] InnoDB: Removed temporary tablespace data file: "ibtmp1"
2020-10-27 19:56:40 0 [Note] InnoDB: Creating shared tablespace for temporary tables
2020-10-27 19:56:40 0 [Note] InnoDB: Setting file 'D:\xampp\mysql\data\ibtmp1' size to 12 MB. Physically writing the file full; Please wait ...
2020-10-27 19:56:40 0 [Note] InnoDB: File 'D:\xampp\mysql\data\ibtmp1' size is now 12 MB.
2020-10-27 19:56:40 0 [Note] InnoDB: Waiting for purge to start
2020-10-27 19:56:40 0 [Note] InnoDB: Waiting for purge to start
2020-10-27 19:56:40 0 [Note] InnoDB: Waiting for purge to start
2020-10-27 19:56:40 0 [Note] InnoDB: Waiting for purge to start
2020-10-27 19:56:40 0 [Note] InnoDB: 10.4.14 started; log sequence number 693787; transaction id 2107
2020-10-27 19:56:40 0 [Note] InnoDB: Loading buffer pool(s) from D:\xampp\mysql\data\ib_buffer_pool
2020-10-27 19:56:40 0 [Note] Plugin 'FEEDBACK' is disabled.
2020-10-27 19:56:40 0 [Note] InnoDB: Buffer pool(s) load completed at 201027 19:56:40
2020-10-27 19:56:41 0 [Note] Server socket created on IP: '::'.
InnoDB: using atomic writes.
2020-10-28 23:20:34 0 [Note] InnoDB: Mutexes and rw_locks use Windows interlocked functions
2020-10-28 23:20:34 0 [Note] InnoDB: Uses event mutexes
2020-10-28 23:20:34 0 [Note] InnoDB: Compressed tables use zlib 1.2.11
2020-10-28 23:20:35 0 [Note] InnoDB: Number of pools: 1
2020-10-28 23:20:35 0 [Note] InnoDB: Using SSE2 crc32 instructions
2020-10-28 23:20:36 0 [Note] InnoDB: Initializing buffer pool, total size = 16M, instances = 1, chunk size = 16M
2020-10-28 23:20:36 0 [Note] InnoDB: Completed initialization of buffer pool
2020-10-28 23:20:37 0 [Note] InnoDB: Starting crash recovery from checkpoint LSN=702678
2020-10-28 23:20:40 0 [Note] InnoDB: 128 out of 128 rollback segments are active.
2020-10-28 23:20:40 0 [Note] InnoDB: Removed temporary tablespace data file: "ibtmp1"
2020-10-28 23:20:40 0 [Note] InnoDB: Creating shared tablespace for temporary tables
2020-10-28 23:20:40 0 [Note] InnoDB: Setting file 'D:\xampp\mysql\data\ibtmp1' size to 12 MB. Physically writing the file full; Please wait ...
2020-10-28 23:20:40 0 [Note] InnoDB: File 'D:\xampp\mysql\data\ibtmp1' size is now 12 MB.
2020-10-28 23:20:40 0 [Note] InnoDB: Waiting for purge to start
2020-10-28 23:20:40 0 [Note] InnoDB: Waiting for purge to start
2020-10-28 23:20:40 0 [Note] InnoDB: Waiting for purge to start
2020-10-28 23:20:40 0 [Note] InnoDB: 10.4.14 started; log sequence number 702687; transaction id 2153
2020-10-28 23:20:40 0 [Note] InnoDB: Loading buffer pool(s) from D:\xampp\mysql\data\ib_buffer_pool
2020-10-28 23:20:40 0 [Note] Plugin 'FEEDBACK' is disabled.
2020-10-28 23:20:41 0 [Note] InnoDB: Buffer pool(s) load completed at 201028 23:20:41
2020-10-28 23:20:41 0 [Note] Server socket created on IP: '::'.
InnoDB: using atomic writes.
2020-10-29  9:23:12 0 [Note] InnoDB: Mutexes and rw_locks use Windows interlocked functions
2020-10-29  9:23:12 0 [Note] InnoDB: Uses event mutexes
2020-10-29  9:23:12 0 [Note] InnoDB: Compressed tables use zlib 1.2.11
2020-10-29  9:23:12 0 [Note] InnoDB: Number of pools: 1
2020-10-29  9:23:13 0 [Note] InnoDB: Using SSE2 crc32 instructions
2020-10-29  9:23:13 0 [Note] InnoDB: Initializing buffer pool, total size = 16M, instances = 1, chunk size = 16M
2020-10-29  9:23:13 0 [Note] InnoDB: Completed initialization of buffer pool
2020-10-29  9:23:13 0 [Note] InnoDB: Starting crash recovery from checkpoint LSN=703013
2020-10-29  9:23:17 0 [Note] InnoDB: 128 out of 128 rollback segments are active.
2020-10-29  9:23:17 0 [Note] InnoDB: Removed temporary tablespace data file: "ibtmp1"
2020-10-29  9:23:17 0 [Note] InnoDB: Creating shared tablespace for temporary tables
2020-10-29  9:23:17 0 [Note] InnoDB: Setting file 'D:\xampp\mysql\data\ibtmp1' size to 12 MB. Physically writing the file full; Please wait ...
2020-10-29  9:23:17 0 [Note] InnoDB: File 'D:\xampp\mysql\data\ibtmp1' size is now 12 MB.
2020-10-29  9:23:17 0 [Note] InnoDB: Waiting for purge to start
2020-10-29  9:23:17 0 [Note] InnoDB: Waiting for purge to start
2020-10-29  9:23:17 0 [Note] InnoDB: Waiting for purge to start
2020-10-29  9:23:17 0 [Note] InnoDB: 10.4.14 started; log sequence number 703022; transaction id 2177
2020-10-29  9:23:17 0 [Note] InnoDB: Loading buffer pool(s) from D:\xampp\mysql\data\ib_buffer_pool
2020-10-29  9:23:18 0 [Note] Plugin 'FEEDBACK' is disabled.
2020-10-29  9:23:18 0 [Note] InnoDB: Buffer pool(s) load completed at 201029  9:23:18
2020-10-29  9:23:19 0 [Note] Server socket created on IP: '::'.
InnoDB: using atomic writes.
2020-10-29 12:35:06 0 [Note] InnoDB: Mutexes and rw_locks use Windows interlocked functions
2020-10-29 12:35:06 0 [Note] InnoDB: Uses event mutexes
2020-10-29 12:35:06 0 [Note] InnoDB: Compressed tables use zlib 1.2.11
2020-10-29 12:35:06 0 [Note] InnoDB: Number of pools: 1
2020-10-29 12:35:06 0 [Note] InnoDB: Using SSE2 crc32 instructions
2020-10-29 12:35:06 0 [Note] InnoDB: Initializing buffer pool, total size = 16M, instances = 1, chunk size = 16M
2020-10-29 12:35:06 0 [Note] InnoDB: Completed initialization of buffer pool
2020-10-29 12:35:06 0 [Note] InnoDB: Starting crash recovery from checkpoint LSN=703031
2020-10-29 12:35:07 0 [Note] InnoDB: 128 out of 128 rollback segments are active.
2020-10-29 12:35:08 0 [Note] InnoDB: Removed temporary tablespace data file: "ibtmp1"
2020-10-29 12:35:08 0 [Note] InnoDB: Creating shared tablespace for temporary tables
2020-10-29 12:35:08 0 [Note] InnoDB: Setting file 'D:\xampp\mysql\data\ibtmp1' size to 12 MB. Physically writing the file full; Please wait ...
2020-10-29 12:35:08 0 [Note] InnoDB: File 'D:\xampp\mysql\data\ibtmp1' size is now 12 MB.
2020-10-29 12:35:08 0 [Note] InnoDB: Waiting for purge to start
2020-10-29 12:35:08 0 [Note] InnoDB: Waiting for purge to start
2020-10-29 12:35:08 0 [Note] InnoDB: 10.4.14 started; log sequence number 703040; transaction id 2177
2020-10-29 12:35:08 0 [Note] InnoDB: Loading buffer pool(s) from D:\xampp\mysql\data\ib_buffer_pool
2020-10-29 12:35:08 0 [Note] Plugin 'FEEDBACK' is disabled.
2020-10-29 12:35:08 0 [Note] InnoDB: Buffer pool(s) load completed at 201029 12:35:08
2020-10-29 12:35:08 0 [Note] Server socket created on IP: '::'.
InnoDB: using atomic writes.
2020-10-29 23:30:38 0 [Note] InnoDB: Mutexes and rw_locks use Windows interlocked functions
2020-10-29 23:30:38 0 [Note] InnoDB: Uses event mutexes
2020-10-29 23:30:38 0 [Note] InnoDB: Compressed tables use zlib 1.2.11
2020-10-29 23:30:39 0 [Note] InnoDB: Number of pools: 1
2020-10-29 23:30:39 0 [Note] InnoDB: Using SSE2 crc32 instructions
2020-10-29 23:30:39 0 [Note] InnoDB: Initializing buffer pool, total size = 16M, instances = 1, chunk size = 16M
2020-10-29 23:30:39 0 [Note] InnoDB: Completed initialization of buffer pool
2020-10-29 23:30:39 0 [Note] InnoDB: Starting crash recovery from checkpoint LSN=788768
2020-10-29 23:30:53 0 [Note] InnoDB: 128 out of 128 rollback segments are active.
InnoDB: using atomic writes.
2020-10-29 23:30:58 0 [Note] InnoDB: Mutexes and rw_locks use Windows interlocked functions
2020-10-29 23:30:58 0 [Note] InnoDB: Uses event mutexes
2020-10-29 23:30:58 0 [Note] InnoDB: Compressed tables use zlib 1.2.11
2020-10-29 23:30:58 0 [Note] InnoDB: Number of pools: 1
2020-10-29 23:30:58 0 [Note] InnoDB: Using SSE2 crc32 instructions
2020-10-29 23:30:58 0 [Note] InnoDB: Initializing buffer pool, total size = 16M, instances = 1, chunk size = 16M
2020-10-29 23:30:58 0 [Note] InnoDB: Completed initialization of buffer pool
2020-10-29 23:30:59 0 [Note] InnoDB: Starting crash recovery from checkpoint LSN=788768
2020-10-29 23:31:07 0 [Note] InnoDB: 128 out of 128 rollback segments are active.
2020-10-29 23:31:07 0 [Note] InnoDB: Creating shared tablespace for temporary tables
2020-10-29 23:31:07 0 [Note] InnoDB: Setting file 'D:\xampp\mysql\data\ibtmp1' size to 12 MB. Physically writing the file full; Please wait ...
2020-10-29 23:31:07 0 [Note] InnoDB: File 'D:\xampp\mysql\data\ibtmp1' size is now 12 MB.
2020-10-29 23:31:07 0 [Note] InnoDB: Waiting for purge to start
2020-10-29 23:31:07 0 [Note] InnoDB: Waiting for purge to start
2020-10-29 23:31:07 0 [Note] InnoDB: Waiting for purge to start
2020-10-29 23:31:07 0 [Note] InnoDB: 10.4.14 started; log sequence number 788777; transaction id 2497
2020-10-29 23:31:07 0 [Note] InnoDB: Loading buffer pool(s) from D:\xampp\mysql\data\ib_buffer_pool
2020-10-29 23:31:07 0 [Note] Plugin 'FEEDBACK' is disabled.
2020-10-29 23:31:07 0 [Note] InnoDB: Buffer pool(s) load completed at 201029 23:31:07
2020-10-29 23:31:08 0 [Note] Server socket created on IP: '::'.
InnoDB: using atomic writes.
2020-10-30  9:08:34 0 [Note] InnoDB: Mutexes and rw_locks use Windows interlocked functions
2020-10-30  9:08:34 0 [Note] InnoDB: Uses event mutexes
2020-10-30  9:08:34 0 [Note] InnoDB: Compressed tables use zlib 1.2.11
2020-10-30  9:08:34 0 [Note] InnoDB: Number of pools: 1
2020-10-30  9:08:34 0 [Note] InnoDB: Using SSE2 crc32 instructions
2020-10-30  9:08:35 0 [Note] InnoDB: Initializing buffer pool, total size = 16M, instances = 1, chunk size = 16M
2020-10-30  9:08:35 0 [Note] InnoDB: Completed initialization of buffer pool
2020-10-30  9:08:35 0 [Note] InnoDB: Starting crash recovery from checkpoint LSN=789103
2020-10-30  9:08:40 0 [Note] InnoDB: 128 out of 128 rollback segments are active.
2020-10-30  9:08:40 0 [Note] InnoDB: Removed temporary tablespace data file: "ibtmp1"
2020-10-30  9:08:40 0 [Note] InnoDB: Creating shared tablespace for temporary tables
2020-10-30  9:08:40 0 [Note] InnoDB: Setting file 'D:\xampp\mysql\data\ibtmp1' size to 12 MB. Physically writing the file full; Please wait ...
2020-10-30  9:08:40 0 [Note] InnoDB: File 'D:\xampp\mysql\data\ibtmp1' size is now 12 MB.
2020-10-30  9:08:40 0 [Note] InnoDB: Waiting for purge to start
2020-10-30  9:08:40 0 [Note] InnoDB: Waiting for purge to start
2020-10-30  9:08:40 0 [Note] InnoDB: 10.4.14 started; log sequence number 789112; transaction id 2522
2020-10-30  9:08:40 0 [Note] InnoDB: Loading buffer pool(s) from D:\xampp\mysql\data\ib_buffer_pool
2020-10-30  9:08:40 0 [Note] Plugin 'FEEDBACK' is disabled.
2020-10-30  9:08:41 0 [Note] InnoDB: Buffer pool(s) load completed at 201030  9:08:41
2020-10-30  9:08:41 0 [Note] Server socket created on IP: '::'.
InnoDB: using atomic writes.
2020-10-31  8:49:38 0 [Note] InnoDB: Mutexes and rw_locks use Windows interlocked functions
2020-10-31  8:49:38 0 [Note] InnoDB: Uses event mutexes
2020-10-31  8:49:38 0 [Note] InnoDB: Compressed tables use zlib 1.2.11
2020-10-31  8:49:38 0 [Note] InnoDB: Number of pools: 1
2020-10-31  8:49:38 0 [Note] InnoDB: Using SSE2 crc32 instructions
2020-10-31  8:49:38 0 [Note] InnoDB: Initializing buffer pool, total size = 16M, instances = 1, chunk size = 16M
2020-10-31  8:49:38 0 [Note] InnoDB: Completed initialization of buffer pool
2020-10-31  8:49:39 0 [Note] InnoDB: Starting crash recovery from checkpoint LSN=930627
2020-10-31  8:49:42 0 [Note] InnoDB: 128 out of 128 rollback segments are active.
2020-10-31  8:49:42 0 [Note] InnoDB: Removed temporary tablespace data file: "ibtmp1"
2020-10-31  8:49:42 0 [Note] InnoDB: Creating shared tablespace for temporary tables
2020-10-31  8:49:42 0 [Note] InnoDB: Setting file 'D:\xampp\mysql\data\ibtmp1' size to 12 MB. Physically writing the file full; Please wait ...
2020-10-31  8:49:42 0 [Note] InnoDB: File 'D:\xampp\mysql\data\ibtmp1' size is now 12 MB.
2020-10-31  8:49:42 0 [Note] InnoDB: Waiting for purge to start
2020-10-31  8:49:42 0 [Note] InnoDB: Waiting for purge to start
2020-10-31  8:49:42 0 [Note] InnoDB: Waiting for purge to start
2020-10-31  8:49:42 0 [Note] InnoDB: 10.4.14 started; log sequence number 930636; transaction id 3025
2020-10-31  8:49:42 0 [Note] InnoDB: Loading buffer pool(s) from D:\xampp\mysql\data\ib_buffer_pool
2020-10-31  8:49:42 0 [Note] Plugin 'FEEDBACK' is disabled.
2020-10-31  8:49:42 0 [Note] InnoDB: Buffer pool(s) load completed at 201031  8:49:42
2020-10-31  8:49:43 0 [Note] Server socket created on IP: '::'.
InnoDB: using atomic writes.
2020-10-31 12:32:21 0 [Note] InnoDB: Mutexes and rw_locks use Windows interlocked functions
2020-10-31 12:32:21 0 [Note] InnoDB: Uses event mutexes
2020-10-31 12:32:21 0 [Note] InnoDB: Compressed tables use zlib 1.2.11
2020-10-31 12:32:21 0 [Note] InnoDB: Number of pools: 1
2020-10-31 12:32:21 0 [Note] InnoDB: Using SSE2 crc32 instructions
2020-10-31 12:32:21 0 [Note] InnoDB: Initializing buffer pool, total size = 16M, instances = 1, chunk size = 16M
2020-10-31 12:32:21 0 [Note] InnoDB: Completed initialization of buffer pool
2020-10-31 12:32:22 0 [Note] InnoDB: Starting crash recovery from checkpoint LSN=934294
2020-10-31 12:32:25 0 [Note] InnoDB: 128 out of 128 rollback segments are active.
2020-10-31 12:32:25 0 [Note] InnoDB: Removed temporary tablespace data file: "ibtmp1"
2020-10-31 12:32:25 0 [Note] InnoDB: Creating shared tablespace for temporary tables
2020-10-31 12:32:25 0 [Note] InnoDB: Setting file 'D:\xampp\mysql\data\ibtmp1' size to 12 MB. Physically writing the file full; Please wait ...
2020-10-31 12:32:25 0 [Note] InnoDB: File 'D:\xampp\mysql\data\ibtmp1' size is now 12 MB.
2020-10-31 12:32:25 0 [Note] InnoDB: Waiting for purge to start
2020-10-31 12:32:25 0 [Note] InnoDB: Waiting for purge to start
2020-10-31 12:32:25 0 [Note] InnoDB: 10.4.14 started; log sequence number 934303; transaction id 3065
2020-10-31 12:32:25 0 [Note] InnoDB: Loading buffer pool(s) from D:\xampp\mysql\data\ib_buffer_pool
2020-10-31 12:32:25 0 [Note] Plugin 'FEEDBACK' is disabled.
2020-10-31 12:32:25 0 [Note] InnoDB: Buffer pool(s) load completed at 201031 12:32:25
2020-10-31 12:32:25 0 [Note] Server socket created on IP: '::'.
InnoDB: using atomic writes.
2020-11-02 22:16:42 0 [Note] InnoDB: Mutexes and rw_locks use Windows interlocked functions
2020-11-02 22:16:42 0 [Note] InnoDB: Uses event mutexes
2020-11-02 22:16:42 0 [Note] InnoDB: Compressed tables use zlib 1.2.11
2020-11-02 22:16:42 0 [Note] InnoDB: Number of pools: 1
2020-11-02 22:16:42 0 [Note] InnoDB: Using SSE2 crc32 instructions
2020-11-02 22:16:42 0 [Note] InnoDB: Initializing buffer pool, total size = 16M, instances = 1, chunk size = 16M
2020-11-02 22:16:42 0 [Note] InnoDB: Completed initialization of buffer pool
2020-11-02 22:16:42 0 [Note] InnoDB: Starting crash recovery from checkpoint LSN=936833
2020-11-02 22:16:44 0 [Note] InnoDB: 128 out of 128 rollback segments are active.
2020-11-02 22:16:44 0 [Note] InnoDB: Removed temporary tablespace data file: "ibtmp1"
2020-11-02 22:16:44 0 [Note] InnoDB: Creating shared tablespace for temporary tables
2020-11-02 22:16:44 0 [Note] InnoDB: Setting file 'D:\xampp\mysql\data\ibtmp1' size to 12 MB. Physically writing the file full; Please wait ...
2020-11-02 22:16:44 0 [Note] InnoDB: File 'D:\xampp\mysql\data\ibtmp1' size is now 12 MB.
2020-11-02 22:16:44 0 [Note] InnoDB: Waiting for purge to start
2020-11-02 22:16:44 0 [Note] InnoDB: Waiting for purge to start
2020-11-02 22:16:44 0 [Note] InnoDB: Waiting for purge to start
2020-11-02 22:16:44 0 [Note] InnoDB: Waiting for purge to start
2020-11-02 22:16:44 0 [Note] InnoDB: 10.4.14 started; log sequence number 936842; transaction id 3078
2020-11-02 22:16:44 0 [Note] InnoDB: Loading buffer pool(s) from D:\xampp\mysql\data\ib_buffer_pool
2020-11-02 22:16:44 0 [Note] Plugin 'FEEDBACK' is disabled.
2020-11-02 22:16:44 0 [Note] InnoDB: Buffer pool(s) load completed at 201102 22:16:44
2020-11-02 22:16:45 0 [Note] Server socket created on IP: '::'.
InnoDB: using atomic writes.
2020-11-04 15:09:20 0 [Note] InnoDB: Mutexes and rw_locks use Windows interlocked functions
2020-11-04 15:09:20 0 [Note] InnoDB: Uses event mutexes
2020-11-04 15:09:20 0 [Note] InnoDB: Compressed tables use zlib 1.2.11
2020-11-04 15:09:20 0 [Note] InnoDB: Number of pools: 1
2020-11-04 15:09:20 0 [Note] InnoDB: Using SSE2 crc32 instructions
2020-11-04 15:09:20 0 [Note] InnoDB: Initializing buffer pool, total size = 16M, instances = 1, chunk size = 16M
2020-11-04 15:09:20 0 [Note] InnoDB: Completed initialization of buffer pool
2020-11-04 15:09:20 0 [Note] InnoDB: Starting crash recovery from checkpoint LSN=936851
2020-11-04 15:09:22 0 [Note] InnoDB: 128 out of 128 rollback segments are active.
2020-11-04 15:09:22 0 [Note] InnoDB: Removed temporary tablespace data file: "ibtmp1"
2020-11-04 15:09:22 0 [Note] InnoDB: Creating shared tablespace for temporary tables
2020-11-04 15:09:22 0 [Note] InnoDB: Setting file 'D:\xampp\mysql\data\ibtmp1' size to 12 MB. Physically writing the file full; Please wait ...
2020-11-04 15:09:22 0 [Note] InnoDB: File 'D:\xampp\mysql\data\ibtmp1' size is now 12 MB.
2020-11-04 15:09:22 0 [Note] InnoDB: Waiting for purge to start
2020-11-04 15:09:22 0 [Note] InnoDB: Waiting for purge to start
2020-11-04 15:09:22 0 [Note] InnoDB: Waiting for purge to start
2020-11-04 15:09:22 0 [Note] InnoDB: 10.4.14 started; log sequence number 936860; transaction id 3078
2020-11-04 15:09:22 0 [Note] InnoDB: Loading buffer pool(s) from D:\xampp\mysql\data\ib_buffer_pool
2020-11-04 15:09:22 0 [Note] Plugin 'FEEDBACK' is disabled.
2020-11-04 15:09:23 0 [Note] InnoDB: Buffer pool(s) load completed at 201104 15:09:23
2020-11-04 15:09:23 0 [Note] Server socket created on IP: '::'.
InnoDB: using atomic writes.
2020-11-05 17:29:45 0 [Note] InnoDB: Mutexes and rw_locks use Windows interlocked functions
2020-11-05 17:29:45 0 [Note] InnoDB: Uses event mutexes
2020-11-05 17:29:45 0 [Note] InnoDB: Compressed tables use zlib 1.2.11
2020-11-05 17:29:45 0 [Note] InnoDB: Number of pools: 1
2020-11-05 17:29:45 0 [Note] InnoDB: Using SSE2 crc32 instructions
2020-11-05 17:29:45 0 [Note] InnoDB: Initializing buffer pool, total size = 16M, instances = 1, chunk size = 16M
2020-11-05 17:29:45 0 [Note] InnoDB: Completed initialization of buffer pool
2020-11-05 17:29:46 0 [Note] InnoDB: Starting crash recovery from checkpoint LSN=936869
2020-11-05 17:29:47 0 [Note] InnoDB: 128 out of 128 rollback segments are active.
2020-11-05 17:29:47 0 [Note] InnoDB: Removed temporary tablespace data file: "ibtmp1"
2020-11-05 17:29:47 0 [Note] InnoDB: Creating shared tablespace for temporary tables
2020-11-05 17:29:47 0 [Note] InnoDB: Setting file 'D:\xampp\mysql\data\ibtmp1' size to 12 MB. Physically writing the file full; Please wait ...
2020-11-05 17:29:47 0 [Note] InnoDB: File 'D:\xampp\mysql\data\ibtmp1' size is now 12 MB.
2020-11-05 17:29:47 0 [Note] InnoDB: Waiting for purge to start
2020-11-05 17:29:47 0 [Note] InnoDB: Waiting for purge to start
2020-11-05 17:29:47 0 [Note] InnoDB: 10.4.14 started; log sequence number 936878; transaction id 3078
2020-11-05 17:29:47 0 [Note] InnoDB: Loading buffer pool(s) from D:\xampp\mysql\data\ib_buffer_pool
2020-11-05 17:29:47 0 [Note] Plugin 'FEEDBACK' is disabled.
2020-11-05 17:29:47 0 [Note] InnoDB: Buffer pool(s) load completed at 201105 17:29:47
2020-11-05 17:29:48 0 [Note] Server socket created on IP: '::'.
InnoDB: using atomic writes.
2020-11-05 21:58:36 0 [Note] InnoDB: Mutexes and rw_locks use Windows interlocked functions
2020-11-05 21:58:36 0 [Note] InnoDB: Uses event mutexes
2020-11-05 21:58:36 0 [Note] InnoDB: Compressed tables use zlib 1.2.11
2020-11-05 21:58:36 0 [Note] InnoDB: Number of pools: 1
2020-11-05 21:58:36 0 [Note] InnoDB: Using SSE2 crc32 instructions
2020-11-05 21:58:36 0 [Note] InnoDB: Initializing buffer pool, total size = 16M, instances = 1, chunk size = 16M
2020-11-05 21:58:36 0 [Note] InnoDB: Completed initialization of buffer pool
2020-11-05 21:58:36 0 [Note] InnoDB: Starting crash recovery from checkpoint LSN=936887
2020-11-05 21:58:38 0 [Note] InnoDB: 128 out of 128 rollback segments are active.
2020-11-05 21:58:38 0 [Note] InnoDB: Removed temporary tablespace data file: "ibtmp1"
2020-11-05 21:58:38 0 [Note] InnoDB: Creating shared tablespace for temporary tables
2020-11-05 21:58:38 0 [Note] InnoDB: Setting file 'D:\xampp\mysql\data\ibtmp1' size to 12 MB. Physically writing the file full; Please wait ...
2020-11-05 21:58:38 0 [Note] InnoDB: File 'D:\xampp\mysql\data\ibtmp1' size is now 12 MB.
2020-11-05 21:58:38 0 [Note] InnoDB: Waiting for purge to start
2020-11-05 21:58:38 0 [Note] InnoDB: Waiting for purge to start
2020-11-05 21:58:38 0 [Note] InnoDB: 10.4.14 started; log sequence number 936896; transaction id 3078
2020-11-05 21:58:38 0 [Note] InnoDB: Loading buffer pool(s) from D:\xampp\mysql\data\ib_buffer_pool
2020-11-05 21:58:38 0 [Note] Plugin 'FEEDBACK' is disabled.
2020-11-05 21:58:39 0 [Note] InnoDB: Buffer pool(s) load completed at 201105 21:58:39
2020-11-05 21:58:39 0 [Note] Server socket created on IP: '::'.
InnoDB: using atomic writes.
2020-11-05 22:25:55 0 [Note] InnoDB: Mutexes and rw_locks use Windows interlocked functions
2020-11-05 22:25:55 0 [Note] InnoDB: Uses event mutexes
2020-11-05 22:25:55 0 [Note] InnoDB: Compressed tables use zlib 1.2.11
2020-11-05 22:25:55 0 [Note] InnoDB: Number of pools: 1
2020-11-05 22:25:55 0 [Note] InnoDB: Using SSE2 crc32 instructions
2020-11-05 22:25:55 0 [Note] InnoDB: Initializing buffer pool, total size = 16M, instances = 1, chunk size = 16M
2020-11-05 22:25:55 0 [Note] InnoDB: Completed initialization of buffer pool
2020-11-05 22:25:55 0 [Note] InnoDB: Starting crash recovery from checkpoint LSN=937539
2020-11-05 22:25:56 0 [Note] InnoDB: 128 out of 128 rollback segments are active.
2020-11-05 22:25:56 0 [Note] InnoDB: Removed temporary tablespace data file: "ibtmp1"
2020-11-05 22:25:56 0 [Note] InnoDB: Creating shared tablespace for temporary tables
2020-11-05 22:25:56 0 [Note] InnoDB: Setting file 'D:\xampp\mysql\data\ibtmp1' size to 12 MB. Physically writing the file full; Please wait ...
2020-11-05 22:25:56 0 [Note] InnoDB: File 'D:\xampp\mysql\data\ibtmp1' size is now 12 MB.
2020-11-05 22:25:56 0 [Note] InnoDB: Waiting for purge to start
2020-11-05 22:25:56 0 [Note] InnoDB: 10.4.14 started; log sequence number 937548; transaction id 3106
2020-11-05 22:25:56 0 [Note] InnoDB: Loading buffer pool(s) from D:\xampp\mysql\data\ib_buffer_pool
2020-11-05 22:25:56 0 [Note] Plugin 'FEEDBACK' is disabled.
2020-11-05 22:25:56 0 [Note] Server socket created on IP: '::'.
InnoDB: using atomic writes.
2020-11-05 22:34:35 0 [Note] InnoDB: Mutexes and rw_locks use Windows interlocked functions
2020-11-05 22:34:35 0 [Note] InnoDB: Uses event mutexes
2020-11-05 22:34:35 0 [Note] InnoDB: Compressed tables use zlib 1.2.11
2020-11-05 22:34:35 0 [Note] InnoDB: Number of pools: 1
2020-11-05 22:34:35 0 [Note] InnoDB: Using SSE2 crc32 instructions
2020-11-05 22:34:35 0 [Note] InnoDB: Initializing buffer pool, total size = 16M, instances = 1, chunk size = 16M
2020-11-05 22:34:35 0 [Note] InnoDB: Completed initialization of buffer pool
2020-11-05 22:34:36 0 [Note] InnoDB: Starting crash recovery from checkpoint LSN=942271
2020-11-05 22:34:42 0 [Note] InnoDB: 128 out of 128 rollback segments are active.
2020-11-05 22:34:42 0 [Note] InnoDB: Removed temporary tablespace data file: "ibtmp1"
2020-11-05 22:34:42 0 [Note] InnoDB: Creating shared tablespace for temporary tables
2020-11-05 22:34:42 0 [Note] InnoDB: Setting file 'D:\xampp\mysql\data\ibtmp1' size to 12 MB. Physically writing the file full; Please wait ...
2020-11-05 22:34:42 0 [Note] InnoDB: File 'D:\xampp\mysql\data\ibtmp1' size is now 12 MB.
2020-11-05 22:34:42 0 [Note] InnoDB: Waiting for purge to start
2020-11-05 22:34:43 0 [Note] InnoDB: 10.4.14 started; log sequence number 942280; transaction id 3135
2020-11-05 22:34:43 0 [Note] InnoDB: Loading buffer pool(s) from D:\xampp\mysql\data\ib_buffer_pool
2020-11-05 22:34:43 0 [Note] Plugin 'FEEDBACK' is disabled.
2020-11-05 22:34:43 0 [Note] Server socket created on IP: '::'.
InnoDB: using atomic writes.
2020-11-06 12:04:24 0 [Note] InnoDB: Mutexes and rw_locks use Windows interlocked functions
2020-11-06 12:04:24 0 [Note] InnoDB: Uses event mutexes
2020-11-06 12:04:24 0 [Note] InnoDB: Compressed tables use zlib 1.2.11
2020-11-06 12:04:24 0 [Note] InnoDB: Number of pools: 1
2020-11-06 12:04:24 0 [Note] InnoDB: Using SSE2 crc32 instructions
2020-11-06 12:04:24 0 [Note] InnoDB: Initializing buffer pool, total size = 16M, instances = 1, chunk size = 16M
2020-11-06 12:04:24 0 [Note] InnoDB: Completed initialization of buffer pool
2020-11-06 12:04:26 0 [Note] InnoDB: Starting crash recovery from checkpoint LSN=955917
2020-11-06 12:04:35 0 [Note] InnoDB: 128 out of 128 rollback segments are active.
2020-11-06 12:04:35 0 [Note] InnoDB: Removed temporary tablespace data file: "ibtmp1"
2020-11-06 12:04:35 0 [Note] InnoDB: Creating shared tablespace for temporary tables
2020-11-06 12:04:35 0 [Note] InnoDB: Setting file 'D:\xampp\mysql\data\ibtmp1' size to 12 MB. Physically writing the file full; Please wait ...
2020-11-06 12:04:35 0 [Note] InnoDB: File 'D:\xampp\mysql\data\ibtmp1' size is now 12 MB.
2020-11-06 12:04:35 0 [Note] InnoDB: Waiting for purge to start
2020-11-06 12:04:35 0 [Note] InnoDB: Waiting for purge to start
2020-11-06 12:04:35 0 [Note] InnoDB: Waiting for purge to start
2020-11-06 12:04:35 0 [Note] InnoDB: Waiting for purge to start
2020-11-06 12:04:35 0 [Note] InnoDB: 10.4.14 started; log sequence number 955926; transaction id 3209
2020-11-06 12:04:35 0 [Note] InnoDB: Loading buffer pool(s) from D:\xampp\mysql\data\ib_buffer_pool
2020-11-06 12:04:35 0 [Note] Plugin 'FEEDBACK' is disabled.
2020-11-06 12:04:36 0 [Note] InnoDB: Buffer pool(s) load completed at 201106 12:04:36
2020-11-06 12:04:36 0 [Note] Server socket created on IP: '::'.
InnoDB: using atomic writes.
2020-11-06 18:56:22 0 [Note] InnoDB: Mutexes and rw_locks use Windows interlocked functions
2020-11-06 18:56:22 0 [Note] InnoDB: Uses event mutexes
2020-11-06 18:56:22 0 [Note] InnoDB: Compressed tables use zlib 1.2.11
2020-11-06 18:56:22 0 [Note] InnoDB: Number of pools: 1
2020-11-06 18:56:22 0 [Note] InnoDB: Using SSE2 crc32 instructions
2020-11-06 18:56:23 0 [Note] InnoDB: Initializing buffer pool, total size = 16M, instances = 1, chunk size = 16M
2020-11-06 18:56:23 0 [Note] InnoDB: Completed initialization of buffer pool
2020-11-06 18:56:23 0 [Note] InnoDB: Starting crash recovery from checkpoint LSN=980331
2020-11-06 18:56:27 0 [Note] InnoDB: 128 out of 128 rollback segments are active.
2020-11-06 18:56:27 0 [Note] InnoDB: Removed temporary tablespace data file: "ibtmp1"
2020-11-06 18:56:27 0 [Note] InnoDB: Creating shared tablespace for temporary tables
2020-11-06 18:56:27 0 [Note] InnoDB: Setting file 'D:\xampp\mysql\data\ibtmp1' size to 12 MB. Physically writing the file full; Please wait ...
2020-11-06 18:56:27 0 [Note] InnoDB: File 'D:\xampp\mysql\data\ibtmp1' size is now 12 MB.
2020-11-06 18:56:27 0 [Note] InnoDB: Waiting for purge to start
2020-11-06 18:56:27 0 [Note] InnoDB: Waiting for purge to start
2020-11-06 18:56:27 0 [Note] InnoDB: Waiting for purge to start
2020-11-06 18:56:27 0 [Note] InnoDB: Waiting for purge to start
2020-11-06 18:56:27 0 [Note] InnoDB: 10.4.14 started; log sequence number 980340; transaction id 3321
2020-11-06 18:56:27 0 [Note] InnoDB: Loading buffer pool(s) from D:\xampp\mysql\data\ib_buffer_pool
2020-11-06 18:56:27 0 [Note] Plugin 'FEEDBACK' is disabled.
2020-11-06 18:56:28 0 [Note] InnoDB: Buffer pool(s) load completed at 201106 18:56:28
2020-11-06 18:56:28 0 [Note] Server socket created on IP: '::'.
InnoDB: using atomic writes.
2020-11-07 15:35:46 0 [Note] InnoDB: Mutexes and rw_locks use Windows interlocked functions
2020-11-07 15:35:46 0 [Note] InnoDB: Uses event mutexes
2020-11-07 15:35:46 0 [Note] InnoDB: Compressed tables use zlib 1.2.11
2020-11-07 15:35:46 0 [Note] InnoDB: Number of pools: 1
2020-11-07 15:35:46 0 [Note] InnoDB: Using SSE2 crc32 instructions
2020-11-07 15:35:46 0 [Note] InnoDB: Initializing buffer pool, total size = 16M, instances = 1, chunk size = 16M
2020-11-07 15:35:46 0 [Note] InnoDB: Completed initialization of buffer pool
2020-11-07 15:35:47 0 [Note] InnoDB: Starting crash recovery from checkpoint LSN=1019221
2020-11-07 15:35:53 0 [Note] InnoDB: 128 out of 128 rollback segments are active.
2020-11-07 15:35:53 0 [Note] InnoDB: Removed temporary tablespace data file: "ibtmp1"
2020-11-07 15:35:53 0 [Note] InnoDB: Creating shared tablespace for temporary tables
2020-11-07 15:35:53 0 [Note] InnoDB: Setting file 'D:\xampp\mysql\data\ibtmp1' size to 12 MB. Physically writing the file full; Please wait ...
2020-11-07 15:35:53 0 [Note] InnoDB: File 'D:\xampp\mysql\data\ibtmp1' size is now 12 MB.
2020-11-07 15:35:53 0 [Note] InnoDB: Waiting for purge to start
2020-11-07 15:35:53 0 [Note] InnoDB: Waiting for purge to start
2020-11-07 15:35:53 0 [Note] InnoDB: Waiting for purge to start
2020-11-07 15:35:53 0 [Note] InnoDB: 10.4.14 started; log sequence number 1019230; transaction id 3468
2020-11-07 15:35:53 0 [Note] InnoDB: Loading buffer pool(s) from D:\xampp\mysql\data\ib_buffer_pool
2020-11-07 15:35:53 0 [Note] Plugin 'FEEDBACK' is disabled.
2020-11-07 15:35:53 0 [Note] InnoDB: Buffer pool(s) load completed at 201107 15:35:53
2020-11-07 15:35:54 0 [Note] Server socket created on IP: '::'.
InnoDB: using atomic writes.
2020-11-08  8:35:56 0 [Note] InnoDB: Mutexes and rw_locks use Windows interlocked functions
2020-11-08  8:35:56 0 [Note] InnoDB: Uses event mutexes
2020-11-08  8:35:56 0 [Note] InnoDB: Compressed tables use zlib 1.2.11
2020-11-08  8:35:56 0 [Note] InnoDB: Number of pools: 1
2020-11-08  8:35:56 0 [Note] InnoDB: Using SSE2 crc32 instructions
2020-11-08  8:35:56 0 [Note] InnoDB: Initializing buffer pool, total size = 16M, instances = 1, chunk size = 16M
2020-11-08  8:35:56 0 [Note] InnoDB: Completed initialization of buffer pool
2020-11-08  8:35:57 0 [Note] InnoDB: Starting crash recovery from checkpoint LSN=1024633
2020-11-08  8:35:59 0 [Note] InnoDB: 128 out of 128 rollback segments are active.
2020-11-08  8:35:59 0 [Note] InnoDB: Removed temporary tablespace data file: "ibtmp1"
2020-11-08  8:35:59 0 [Note] InnoDB: Creating shared tablespace for temporary tables
2020-11-08  8:35:59 0 [Note] InnoDB: Setting file 'D:\xampp\mysql\data\ibtmp1' size to 12 MB. Physically writing the file full; Please wait ...
2020-11-08  8:35:59 0 [Note] InnoDB: File 'D:\xampp\mysql\data\ibtmp1' size is now 12 MB.
2020-11-08  8:35:59 0 [Note] InnoDB: Waiting for purge to start
2020-11-08  8:35:59 0 [Note] InnoDB: Waiting for purge to start
2020-11-08  8:35:59 0 [Note] InnoDB: 10.4.14 started; log sequence number 1024642; transaction id 3493
2020-11-08  8:35:59 0 [Note] InnoDB: Loading buffer pool(s) from D:\xampp\mysql\data\ib_buffer_pool
2020-11-08  8:35:59 0 [Note] Plugin 'FEEDBACK' is disabled.
2020-11-08  8:35:59 0 [Note] InnoDB: Buffer pool(s) load completed at 201108  8:35:59
2020-11-08  8:35:59 0 [Note] Server socket created on IP: '::'.
InnoDB: using atomic writes.
2020-11-12 23:02:41 0 [Note] InnoDB: Mutexes and rw_locks use Windows interlocked functions
2020-11-12 23:02:41 0 [Note] InnoDB: Uses event mutexes
2020-11-12 23:02:41 0 [Note] InnoDB: Compressed tables use zlib 1.2.11
2020-11-12 23:02:41 0 [Note] InnoDB: Number of pools: 1
2020-11-12 23:02:41 0 [Note] InnoDB: Using SSE2 crc32 instructions
2020-11-12 23:02:41 0 [Note] InnoDB: Initializing buffer pool, total size = 16M, instances = 1, chunk size = 16M
2020-11-12 23:02:41 0 [Note] InnoDB: Completed initialization of buffer pool
2020-11-12 23:02:42 0 [Note] InnoDB: Starting crash recovery from checkpoint LSN=1024651
2020-11-12 23:02:43 0 [Note] InnoDB: 128 out of 128 rollback segments are active.
2020-11-12 23:02:43 0 [Note] InnoDB: Removed temporary tablespace data file: "ibtmp1"
2020-11-12 23:02:43 0 [Note] InnoDB: Creating shared tablespace for temporary tables
2020-11-12 23:02:43 0 [Note] InnoDB: Setting file 'D:\xampp\mysql\data\ibtmp1' size to 12 MB. Physically writing the file full; Please wait ...
2020-11-12 23:02:43 0 [Note] InnoDB: File 'D:\xampp\mysql\data\ibtmp1' size is now 12 MB.
2020-11-12 23:02:43 0 [Note] InnoDB: Waiting for purge to start
2020-11-12 23:02:43 0 [Note] InnoDB: Waiting for purge to start
2020-11-12 23:02:43 0 [Note] InnoDB: Waiting for purge to start
2020-11-12 23:02:43 0 [Note] InnoDB: 10.4.14 started; log sequence number 1024660; transaction id 3493
2020-11-12 23:02:43 0 [Note] InnoDB: Loading buffer pool(s) from D:\xampp\mysql\data\ib_buffer_pool
2020-11-12 23:02:43 0 [Note] Plugin 'FEEDBACK' is disabled.
2020-11-12 23:02:43 0 [Note] InnoDB: Buffer pool(s) load completed at 201112 23:02:43
2020-11-12 23:02:44 0 [Note] Server socket created on IP: '::'.
InnoDB: using atomic writes.
2020-11-21 20:38:50 0 [Note] InnoDB: Mutexes and rw_locks use Windows interlocked functions
2020-11-21 20:38:50 0 [Note] InnoDB: Uses event mutexes
2020-11-21 20:38:50 0 [Note] InnoDB: Compressed tables use zlib 1.2.11
2020-11-21 20:38:50 0 [Note] InnoDB: Number of pools: 1
2020-11-21 20:38:50 0 [Note] InnoDB: Using SSE2 crc32 instructions
2020-11-21 20:38:50 0 [Note] InnoDB: Initializing buffer pool, total size = 16M, instances = 1, chunk size = 16M
2020-11-21 20:38:50 0 [Note] InnoDB: Completed initialization of buffer pool
2020-11-21 20:38:51 0 [Note] InnoDB: Starting crash recovery from checkpoint LSN=1024669
2020-11-21 20:38:51 0 [Note] InnoDB: 128 out of 128 rollback segments are active.
2020-11-21 20:38:51 0 [Note] InnoDB: Removed temporary tablespace data file: "ibtmp1"
2020-11-21 20:38:51 0 [Note] InnoDB: Creating shared tablespace for temporary tables
2020-11-21 20:38:51 0 [Note] InnoDB: Setting file 'D:\xampp\mysql\data\ibtmp1' size to 12 MB. Physically writing the file full; Please wait ...
2020-11-21 20:38:51 0 [Note] InnoDB: File 'D:\xampp\mysql\data\ibtmp1' size is now 12 MB.
2020-11-21 20:38:51 0 [Note] InnoDB: Waiting for purge to start
2020-11-21 20:38:51 0 [Note] InnoDB: 10.4.14 started; log sequence number 1024678; transaction id 3493
2020-11-21 20:38:51 0 [Note] InnoDB: Loading buffer pool(s) from D:\xampp\mysql\data\ib_buffer_pool
2020-11-21 20:38:51 0 [Note] Plugin 'FEEDBACK' is disabled.
2020-11-21 20:38:51 0 [Note] InnoDB: Buffer pool(s) load completed at 201121 20:38:51
2020-11-21 20:38:52 0 [Note] Server socket created on IP: '::'.
InnoDB: using atomic writes.
2020-11-21 20:41:58 0 [Note] InnoDB: Mutexes and rw_locks use Windows interlocked functions
2020-11-21 20:41:58 0 [Note] InnoDB: Uses event mutexes
2020-11-21 20:41:58 0 [Note] InnoDB: Compressed tables use zlib 1.2.11
2020-11-21 20:41:58 0 [Note] InnoDB: Number of pools: 1
2020-11-21 20:41:58 0 [Note] InnoDB: Using SSE2 crc32 instructions
2020-11-21 20:41:58 0 [Note] InnoDB: Initializing buffer pool, total size = 16M, instances = 1, chunk size = 16M
2020-11-21 20:41:58 0 [Note] InnoDB: Completed initialization of buffer pool
2020-11-21 20:41:58 0 [Note] InnoDB: Starting crash recovery from checkpoint LSN=1024687
2020-11-21 20:41:58 0 [Note] InnoDB: 128 out of 128 rollback segments are active.
2020-11-21 20:41:58 0 [Note] InnoDB: Removed temporary tablespace data file: "ibtmp1"
2020-11-21 20:41:58 0 [Note] InnoDB: Creating shared tablespace for temporary tables
2020-11-21 20:41:58 0 [Note] InnoDB: Setting file 'D:\xampp\mysql\data\ibtmp1' size to 12 MB. Physically writing the file full; Please wait ...
2020-11-21 20:41:58 0 [Note] InnoDB: File 'D:\xampp\mysql\data\ibtmp1' size is now 12 MB.
2020-11-21 20:41:58 0 [Note] InnoDB: Waiting for purge to start
2020-11-21 20:41:58 0 [Note] InnoDB: 10.4.14 started; log sequence number 1024696; transaction id 3493
2020-11-21 20:41:58 0 [Note] InnoDB: Loading buffer pool(s) from D:\xampp\mysql\data\ib_buffer_pool
2020-11-21 20:41:58 0 [Note] Plugin 'FEEDBACK' is disabled.
2020-11-21 20:41:58 0 [Note] Server socket created on IP: '::'.
